Added Pin To Net: NetName=NetC33_1 Pin=C1-1
Added Pin To Net: NetName=NetC33_1 Pin=C2-1
Added Pin To Net: NetName=NetC33_1 Pin=C3-1
Added Pin To Net: NetName=NetC33_1 Pin=C4-1
Added Pin To Net: NetName=NetC33_1 Pin=C5-1
Added Pin To Net: NetName=NetC33_1 Pin=C6-1
Added Pin To Net: NetName=NetC33_1 Pin=C7-1
Added Pin To Net: NetName=NetC33_1 Pin=C8-1
Added Pin To Net: NetName=NetC33_1 Pin=C9-1
Added Pin To Net: NetName=NetC33_1 Pin=C10-1
Added Pin To Net: NetName=NetC33_1 Pin=C11-1
Added Pin To Net: NetName=NetC33_1 Pin=C12-1
Added Pin To Net: NetName=NetC33_1 Pin=C13-1
Added Pin To Net: NetName=NetC33_1 Pin=C14-1
Added Pin To Net: NetName=NetC33_1 Pin=C15-1
Added Pin To Net: NetName=NetC33_1 Pin=C16-1
Added Pin To Net: NetName=NetC33_1 Pin=C17-1
Added Pin To Net: NetName=NetC33_1 Pin=C18-1
Added Pin To Net: NetName=NetC33_1 Pin=C19-1
Added Pin To Net: NetName=NetC33_1 Pin=C20-1
Added Pin To Net: NetName=NetC33_1 Pin=C21-1
Added Pin To Net: NetName=NetC33_1 Pin=C22-1
Added Pin To Net: NetName=NetC33_1 Pin=C23-1
Added Pin To Net: NetName=NetC33_1 Pin=C24-1
Added Pin To Net: NetName=NetC33_1 Pin=C25-1
Added Pin To Net: NetName=NetC33_1 Pin=C26-1
Added Pin To Net: NetName=NetC33_1 Pin=C27-1
Added Pin To Net: NetName=NetC33_1 Pin=C28-1
Added Pin To Net: NetName=NetC33_1 Pin=C29-1
Added Pin To Net: NetName=NetC33_1 Pin=C30-1
Added Pin To Net: NetName=NetC33_1 Pin=C31-1
Added Pin To Net: NetName=NetC33_1 Pin=C32-1
Added Pin To Net: NetName=NetC33_1 Pin=C41-1
Added Pin To Net: NetName=NetC33_1 Pin=C42-1
Added Pin To Net: NetName=NetC33_1 Pin=C43-1
Added Pin To Net: NetName=NetC33_1 Pin=C44-1
Added Pin To Net: NetName=NetC33_1 Pin=C45-1
Added Pin To Net: NetName=NetC33_1 Pin=C46-1
Added Pin To Net: NetName=NetC33_1 Pin=C47-1
Added Pin To Net: NetName=NetC33_1 Pin=C48-1
Added Pin To Net: NetName=NetC33_1 Pin=C49-1
Added Pin To Net: NetName=NetC33_1 Pin=C50-1
Added Pin To Net: NetName=NetC33_1 Pin=C51-1
Added Pin To Net: NetName=NetC33_1 Pin=C52-1
Added Pin To Net: NetName=NetC33_1 Pin=C53-1
Added Pin To Net: NetName=NetC33_1 Pin=C54-1
Added Pin To Net: NetName=NetC33_1 Pin=C55-1
Added Pin To Net: NetName=NetC33_1 Pin=C56-1
Added Pin To Net: NetName=NetC33_1 Pin=C57-1
Added Pin To Net: NetName=NetC33_1 Pin=C58-1
Added Pin To Net: NetName=NetC33_1 Pin=C59-1
Added Pin To Net: NetName=NetC33_1 Pin=C60-1
Added Pin To Net: NetName=NetC33_1 Pin=C61-1
Added Pin To Net: NetName=NetC33_1 Pin=D1-4
Added Pin To Net: NetName=NetC33_1 Pin=D2-4
Added Pin To Net: NetName=NetC33_1 Pin=D3-4
Added Pin To Net: NetName=NetC33_1 Pin=D4-4
Added Pin To Net: NetName=NetC33_1 Pin=D5-4
Added Pin To Net: NetName=NetC33_1 Pin=D6-4
Added Pin To Net: NetName=NetC33_1 Pin=D7-4
Added Pin To Net: NetName=NetC33_1 Pin=D8-4
Added Pin To Net: NetName=NetC33_1 Pin=D9-4
Added Pin To Net: NetName=NetC33_1 Pin=D10-4
Added Pin To Net: NetName=NetC33_1 Pin=D11-4
Added Pin To Net: NetName=NetC33_1 Pin=D12-4
Added Pin To Net: NetName=NetC33_1 Pin=D13-4
Added Pin To Net: NetName=NetC33_1 Pin=D14-4
Added Pin To Net: NetName=NetC33_1 Pin=D15-4
Added Pin To Net: NetName=NetC33_1 Pin=D16-4
Added Pin To Net: NetName=NetC33_1 Pin=D17-4
Added Pin To Net: NetName=NetC33_1 Pin=D18-4
Added Pin To Net: NetName=NetC33_1 Pin=D19-4
Added Pin To Net: NetName=NetC33_1 Pin=D20-4
Added Pin To Net: NetName=NetC33_1 Pin=D21-4
Added Pin To Net: NetName=NetC33_1 Pin=D22-4
Added Pin To Net: NetName=NetC33_1 Pin=D23-4
Added Pin To Net: NetName=NetC33_1 Pin=D24-4
Added Pin To Net: NetName=NetC33_1 Pin=D25-4
Added Pin To Net: NetName=NetC33_1 Pin=D26-4
Added Pin To Net: NetName=NetC33_1 Pin=D27-4
Added Pin To Net: NetName=NetC33_1 Pin=D28-4
Added Pin To Net: NetName=NetC33_1 Pin=D29-4
Added Pin To Net: NetName=NetC33_1 Pin=D30-4
Added Pin To Net: NetName=NetC33_1 Pin=D31-4
Added Pin To Net: NetName=NetC33_1 Pin=D32-4
Added Pin To Net: NetName=NetC33_1 Pin=D41-4
Added Pin To Net: NetName=NetC33_1 Pin=D42-4
Added Pin To Net: NetName=NetC33_1 Pin=D43-4
Added Pin To Net: NetName=NetC33_1 Pin=D44-4
Added Pin To Net: NetName=NetC33_1 Pin=D45-4
Added Pin To Net: NetName=NetC33_1 Pin=D46-4
Added Pin To Net: NetName=NetC33_1 Pin=D47-4
Added Pin To Net: NetName=NetC33_1 Pin=D48-4
Added Pin To Net: NetName=NetC33_1 Pin=D49-4
Added Pin To Net: NetName=NetC33_1 Pin=D50-4
Added Pin To Net: NetName=NetC33_1 Pin=D51-4
Added Pin To Net: NetName=NetC33_1 Pin=D52-4
Added Pin To Net: NetName=NetC33_1 Pin=D53-4
Added Pin To Net: NetName=NetC33_1 Pin=D54-4
Added Pin To Net: NetName=NetC33_1 Pin=D55-4
Added Pin To Net: NetName=NetC33_1 Pin=D56-4
Added Pin To Net: NetName=NetC33_1 Pin=D57-4
Added Pin To Net: NetName=NetC33_1 Pin=D58-4
Added Pin To Net: NetName=NetC33_1 Pin=D59-4
Added Pin To Net: NetName=NetC33_1 Pin=D60-4
Change Net Name : Old Net Name=NetC33_1 New Net Name=VBAT
Added Member To Class: ClassName=Controller Member=Component J? DF59-2S-2V(51)
Added Member To Class: ClassName=Controller Member=Component J? DF59-2S-2V(51)
Added Room: Name=LEDChain1
Added Room: Name=LEDChain2
