Removed Pin From Net: NetName=NetC57_1 Pin=C62-1
Removed Pin From Net: NetName=GND Pin=C62-2
Removed Pin From Net: NetName=NetC57_1 Pin=C63-1
Removed Pin From Net: NetName=GND Pin=C63-2
Removed Pin From Net: NetName=NetC57_1 Pin=C64-1
Removed Pin From Net: NetName=GND Pin=C64-2
Removed Pin From Net: NetName=GND Pin=C65-2
Removed Pin From Net: NetName=GND Pin=C66-2
Removed Pin From Net: NetName=GND Pin=C67-2
Removed Pin From Net: NetName=GND Pin=C68-2
Removed Pin From Net: NetName=GND Pin=C69-2
Removed Pin From Net: NetName=GND Pin=C70-2
Removed Pin From Net: NetName=GND Pin=C71-2
Removed Pin From Net: NetName=GND Pin=C72-2
Removed Pin From Net: NetName=GND Pin=C73-2
Removed Pin From Net: NetName=GND Pin=C74-2
Removed Pin From Net: NetName=GND Pin=C75-2
Removed Pin From Net: NetName=GND Pin=C76-2
Removed Pin From Net: NetName=GND Pin=C77-2
Removed Pin From Net: NetName=GND Pin=C78-2
Removed Pin From Net: NetName=GND Pin=C79-2
Removed Pin From Net: NetName=GND Pin=C80-2
Removed Pin From Net: NetName=GND Pin=C81-2
Removed Pin From Net: NetName=GND Pin=C82-2
Removed Pin From Net: NetName=GND Pin=C83-2
Removed Pin From Net: NetName=GND Pin=C84-2
Removed Pin From Net: NetName=GND Pin=C85-2
Removed Pin From Net: NetName=GND Pin=C86-2
Removed Pin From Net: NetName=GND Pin=C87-2
Removed Pin From Net: NetName=GND Pin=C88-2
Removed Pin From Net: NetName=GND Pin=C89-2
Removed Pin From Net: NetName=GND Pin=C90-2
Removed Pin From Net: NetName=GND Pin=C91-2
Removed Pin From Net: NetName=GND Pin=C92-2
Removed Pin From Net: NetName=GND Pin=C93-2
Removed Pin From Net: NetName=GND Pin=C94-2
Removed Pin From Net: NetName=GND Pin=C95-2
Removed Pin From Net: NetName=GND Pin=C96-2
Removed Pin From Net: NetName=GND Pin=C97-2
Removed Pin From Net: NetName=GND Pin=C98-2
Removed Pin From Net: NetName=GND Pin=C99-2
Removed Pin From Net: NetName=GND Pin=C100-2
Removed Pin From Net: NetName=GND Pin=C101-2
Removed Pin From Net: NetName=GND Pin=C102-2
Removed Pin From Net: NetName=GND Pin=C103-2
Removed Pin From Net: NetName=GND Pin=C104-2
Removed Pin From Net: NetName=GND Pin=C105-2
Removed Pin From Net: NetName=GND Pin=C106-2
Removed Pin From Net: NetName=GND Pin=C107-2
Removed Pin From Net: NetName=GND Pin=C108-2
Removed Pin From Net: NetName=GND Pin=C109-2
Removed Pin From Net: NetName=GND Pin=C110-2
Removed Pin From Net: NetName=GND Pin=C111-2
Removed Pin From Net: NetName=GND Pin=C112-2
Removed Pin From Net: NetName=GND Pin=C113-2
Removed Pin From Net: NetName=GND Pin=C114-2
Removed Pin From Net: NetName=GND Pin=C115-2
Removed Pin From Net: NetName=GND Pin=C116-2
Removed Pin From Net: NetName=GND Pin=C117-2
Removed Pin From Net: NetName=GND Pin=C118-2
Removed Pin From Net: NetName=GND Pin=C119-2
Removed Pin From Net: NetName=GND Pin=C120-2
Removed Pin From Net: NetName=GND Pin=D61-2
Removed Pin From Net: NetName=NetC57_1 Pin=D61-4
Removed Pin From Net: NetName=GND Pin=D62-2
Removed Pin From Net: NetName=NetC57_1 Pin=D62-4
Removed Pin From Net: NetName=GND Pin=D63-2
Removed Pin From Net: NetName=NetC57_1 Pin=D63-4
Removed Pin From Net: NetName=GND Pin=D64-2
Removed Pin From Net: NetName=NetC57_1 Pin=D64-4
Removed Pin From Net: NetName=GND Pin=D65-2
Removed Pin From Net: NetName=GND Pin=D66-2
Removed Pin From Net: NetName=GND Pin=D67-2
Removed Pin From Net: NetName=GND Pin=D68-2
Removed Pin From Net: NetName=GND Pin=D69-2
Removed Pin From Net: NetName=GND Pin=D70-2
Removed Pin From Net: NetName=GND Pin=D71-2
Removed Pin From Net: NetName=GND Pin=D72-2
Removed Pin From Net: NetName=GND Pin=D73-2
Removed Pin From Net: NetName=GND Pin=D74-2
Removed Pin From Net: NetName=GND Pin=D75-2
Removed Pin From Net: NetName=GND Pin=D76-2
Removed Pin From Net: NetName=GND Pin=D77-2
Removed Pin From Net: NetName=GND Pin=D78-2
Removed Pin From Net: NetName=GND Pin=D79-2
Removed Pin From Net: NetName=GND Pin=D80-2
Removed Pin From Net: NetName=GND Pin=D81-2
Removed Pin From Net: NetName=GND Pin=D82-2
Removed Pin From Net: NetName=GND Pin=D83-2
Removed Pin From Net: NetName=GND Pin=D84-2
Removed Pin From Net: NetName=GND Pin=D85-2
Removed Pin From Net: NetName=GND Pin=D86-2
Removed Pin From Net: NetName=GND Pin=D87-2
Removed Pin From Net: NetName=GND Pin=D88-2
Removed Pin From Net: NetName=GND Pin=D89-2
Removed Pin From Net: NetName=GND Pin=D90-2
Removed Pin From Net: NetName=GND Pin=D91-2
Removed Pin From Net: NetName=GND Pin=D92-2
Removed Pin From Net: NetName=GND Pin=D93-2
Removed Pin From Net: NetName=GND Pin=D94-2
Removed Pin From Net: NetName=GND Pin=D95-2
Removed Pin From Net: NetName=GND Pin=D96-2
Removed Pin From Net: NetName=GND Pin=D97-2
Removed Pin From Net: NetName=GND Pin=D98-2
Removed Pin From Net: NetName=GND Pin=D99-2
Removed Pin From Net: NetName=GND Pin=D100-2
Removed Pin From Net: NetName=GND Pin=D101-2
Removed Pin From Net: NetName=GND Pin=D102-2
Removed Pin From Net: NetName=GND Pin=D103-2
Removed Pin From Net: NetName=GND Pin=D104-2
Removed Pin From Net: NetName=GND Pin=D105-2
Removed Pin From Net: NetName=GND Pin=D106-2
Removed Pin From Net: NetName=GND Pin=D107-2
Removed Pin From Net: NetName=GND Pin=D108-2
Removed Pin From Net: NetName=GND Pin=D109-2
Removed Pin From Net: NetName=GND Pin=D110-2
Removed Pin From Net: NetName=GND Pin=D111-2
Removed Pin From Net: NetName=GND Pin=D112-2
Removed Pin From Net: NetName=GND Pin=D113-2
Removed Pin From Net: NetName=GND Pin=D114-2
Removed Pin From Net: NetName=GND Pin=D115-2
Removed Pin From Net: NetName=GND Pin=D116-2
Removed Pin From Net: NetName=GND Pin=D117-2
Removed Pin From Net: NetName=GND Pin=D118-2
Removed Pin From Net: NetName=GND Pin=D119-2
Removed Pin From Net: NetName=GND Pin=D120-2
Removed Member From Class: ClassName=LEDChain2 Member=C62
Removed Member From Class: ClassName=LEDChain2 Member=C63
Removed Member From Class: ClassName=LEDChain2 Member=C64
Removed Member From Class: ClassName=LEDChain2 Member=C65
Removed Member From Class: ClassName=LEDChain2 Member=C66
Removed Member From Class: ClassName=LEDChain2 Member=C67
Removed Member From Class: ClassName=LEDChain2 Member=C68
Removed Member From Class: ClassName=LEDChain2 Member=C69
Removed Member From Class: ClassName=LEDChain2 Member=C70
Removed Member From Class: ClassName=LEDChain2 Member=C71
Removed Member From Class: ClassName=LEDChain2 Member=C72
Removed Member From Class: ClassName=LEDChain2 Member=C73
Removed Member From Class: ClassName=LEDChain2 Member=C74
Removed Member From Class: ClassName=LEDChain2 Member=C75
Removed Member From Class: ClassName=LEDChain2 Member=C76
Removed Member From Class: ClassName=LEDChain2 Member=C77
Removed Member From Class: ClassName=LEDChain2 Member=C78
Removed Member From Class: ClassName=LEDChain2 Member=C79
Removed Member From Class: ClassName=LEDChain2 Member=C80
Removed Member From Class: ClassName=LEDChain2 Member=D61
Removed Member From Class: ClassName=LEDChain2 Member=D62
Removed Member From Class: ClassName=LEDChain2 Member=D63
Removed Member From Class: ClassName=LEDChain2 Member=D64
Removed Member From Class: ClassName=LEDChain2 Member=D65
Removed Member From Class: ClassName=LEDChain2 Member=D66
Removed Member From Class: ClassName=LEDChain2 Member=D67
Removed Member From Class: ClassName=LEDChain2 Member=D68
Removed Member From Class: ClassName=LEDChain2 Member=D69
Removed Member From Class: ClassName=LEDChain2 Member=D70
Removed Member From Class: ClassName=LEDChain2 Member=D71
Removed Member From Class: ClassName=LEDChain2 Member=D72
Removed Member From Class: ClassName=LEDChain2 Member=D73
Removed Member From Class: ClassName=LEDChain2 Member=D74
Removed Member From Class: ClassName=LEDChain2 Member=D75
Removed Member From Class: ClassName=LEDChain2 Member=D76
Removed Member From Class: ClassName=LEDChain2 Member=D77
Removed Member From Class: ClassName=LEDChain2 Member=D78
Removed Member From Class: ClassName=LEDChain2 Member=D79
Removed Member From Class: ClassName=LEDChain2 Member=D80
Added Member To Class: ClassName=Controller Member=Component J? DF59-2S-2V(51)
Added Member To Class: ClassName=Controller Member=Component J? DF59-2S-2V(51)
Change Room Name: Old Name=LEDChain3 New Name=LEDChain2
Change Room Scope: Old Scope=InComponentClass('LEDChain3') New Scope=InComponentClass('LEDChain2')
Added Room: Name=LEDChain1
