Added Component: Designator=C1(0603_CAP)
Add component (AddParameter): Name = "LatestRevisionDate"; Value = "17-Jul-2002"; VariantName = "[No Variations]"
Add component (AddParameter): Name = "LatestRevisionNote"; Value = "Re-released for DXP Platform."; VariantName = "[No Variations]"
Add component (AddParameter): Name = "PackageDescription"; Value = "Radial Cap, Thru-Hole; 2 Leads; 0.3 in Pin Spacing"; VariantName = "[No Variations]"
Add component (AddParameter): Name = "PackageReference"; Value = "RAD-0.3"; VariantName = "[No Variations]"
Add component (AddParameter): Name = "Published"; Value = "8-Jun-2000"; VariantName = "[No Variations]"
Add component (AddParameter): Name = "Publisher"; Value = "Altium Limited"; VariantName = "[No Variations]"
Add component (AddParameter): Name = "Supplier 1"; Value = "Digi-Key"; VariantName = "[No Variations]"
Add component (AddParameter): Name = "Supplier Part Number 1"; Value = "445-9050-1-ND"; VariantName = "[No Variations]"
Added Component: Designator=C2(0603_CAP)
Add component (AddParameter): Name = "LatestRevisionDate"; Value = "17-Jul-2002"; VariantName = "[No Variations]"
Add component (AddParameter): Name = "LatestRevisionNote"; Value = "Re-released for DXP Platform."; VariantName = "[No Variations]"
Add component (AddParameter): Name = "PackageDescription"; Value = "Radial Cap, Thru-Hole; 2 Leads; 0.3 in Pin Spacing"; VariantName = "[No Variations]"
Add component (AddParameter): Name = "PackageReference"; Value = "RAD-0.3"; VariantName = "[No Variations]"
Add component (AddParameter): Name = "Published"; Value = "8-Jun-2000"; VariantName = "[No Variations]"
Add component (AddParameter): Name = "Publisher"; Value = "Altium Limited"; VariantName = "[No Variations]"
Add component (AddParameter): Name = "Supplier 1"; Value = "Digi-Key"; VariantName = "[No Variations]"
Add component (AddParameter): Name = "Supplier Part Number 1"; Value = "490-10474-1-ND"; VariantName = "[No Variations]"
Added Component: Designator=C3(0603_CAP)
Add component (AddParameter): Name = "LatestRevisionDate"; Value = "17-Jul-2002"; VariantName = "[No Variations]"
Add component (AddParameter): Name = "LatestRevisionNote"; Value = "Re-released for DXP Platform."; VariantName = "[No Variations]"
Add component (AddParameter): Name = "PackageDescription"; Value = "Radial Cap, Thru-Hole; 2 Leads; 0.3 in Pin Spacing"; VariantName = "[No Variations]"
Add component (AddParameter): Name = "PackageReference"; Value = "RAD-0.3"; VariantName = "[No Variations]"
Add component (AddParameter): Name = "Published"; Value = "8-Jun-2000"; VariantName = "[No Variations]"
Add component (AddParameter): Name = "Publisher"; Value = "Altium Limited"; VariantName = "[No Variations]"
Add component (AddParameter): Name = "Supplier 1"; Value = "Digi-Key"; VariantName = "[No Variations]"
Add component (AddParameter): Name = "Supplier Part Number 1"; Value = "490-12330-1-ND"; VariantName = "[No Variations]"
Added Component: Designator=C4(0603_CAP)
Add component (AddParameter): Name = "LatestRevisionDate"; Value = "17-Jul-2002"; VariantName = "[No Variations]"
Add component (AddParameter): Name = "LatestRevisionNote"; Value = "Re-released for DXP Platform."; VariantName = "[No Variations]"
Add component (AddParameter): Name = "PackageDescription"; Value = "Radial Cap, Thru-Hole; 2 Leads; 0.3 in Pin Spacing"; VariantName = "[No Variations]"
Add component (AddParameter): Name = "PackageReference"; Value = "RAD-0.3"; VariantName = "[No Variations]"
Add component (AddParameter): Name = "Published"; Value = "8-Jun-2000"; VariantName = "[No Variations]"
Add component (AddParameter): Name = "Publisher"; Value = "Altium Limited"; VariantName = "[No Variations]"
Add component (AddParameter): Name = "Supplier 1"; Value = "Digi-Key"; VariantName = "[No Variations]"
Add component (AddParameter): Name = "Supplier Part Number 1"; Value = "490-12330-1-ND"; VariantName = "[No Variations]"
Added Component: Designator=C5(0603_CAP)
Add component (AddParameter): Name = "LatestRevisionDate"; Value = "17-Jul-2002"; VariantName = "[No Variations]"
Add component (AddParameter): Name = "LatestRevisionNote"; Value = "Re-released for DXP Platform."; VariantName = "[No Variations]"
Add component (AddParameter): Name = "PackageDescription"; Value = "Radial Cap, Thru-Hole; 2 Leads; 0.3 in Pin Spacing"; VariantName = "[No Variations]"
Add component (AddParameter): Name = "PackageReference"; Value = "RAD-0.3"; VariantName = "[No Variations]"
Add component (AddParameter): Name = "Published"; Value = "8-Jun-2000"; VariantName = "[No Variations]"
Add component (AddParameter): Name = "Publisher"; Value = "Altium Limited"; VariantName = "[No Variations]"
Add component (AddParameter): Name = "Supplier 1"; Value = "Digi-Key"; VariantName = "[No Variations]"
Add component (AddParameter): Name = "Supplier Part Number 1"; Value = "490-12330-1-ND"; VariantName = "[No Variations]"
Added Component: Designator=C6(0603_CAP)
Add component (AddParameter): Name = "LatestRevisionDate"; Value = "17-Jul-2002"; VariantName = "[No Variations]"
Add component (AddParameter): Name = "LatestRevisionNote"; Value = "Re-released for DXP Platform."; VariantName = "[No Variations]"
Add component (AddParameter): Name = "PackageDescription"; Value = "Radial Cap, Thru-Hole; 2 Leads; 0.3 in Pin Spacing"; VariantName = "[No Variations]"
Add component (AddParameter): Name = "PackageReference"; Value = "RAD-0.3"; VariantName = "[No Variations]"
Add component (AddParameter): Name = "Published"; Value = "8-Jun-2000"; VariantName = "[No Variations]"
Add component (AddParameter): Name = "Publisher"; Value = "Altium Limited"; VariantName = "[No Variations]"
Add component (AddParameter): Name = "Supplier 1"; Value = "Digi-Key"; VariantName = "[No Variations]"
Add component (AddParameter): Name = "Supplier Part Number 1"; Value = "490-12330-1-ND"; VariantName = "[No Variations]"
Added Component: Designator=C7(0603_CAP)
Add component (AddParameter): Name = "LatestRevisionDate"; Value = "17-Jul-2002"; VariantName = "[No Variations]"
Add component (AddParameter): Name = "LatestRevisionNote"; Value = "Re-released for DXP Platform."; VariantName = "[No Variations]"
Add component (AddParameter): Name = "PackageDescription"; Value = "Radial Cap, Thru-Hole; 2 Leads; 0.3 in Pin Spacing"; VariantName = "[No Variations]"
Add component (AddParameter): Name = "PackageReference"; Value = "RAD-0.3"; VariantName = "[No Variations]"
Add component (AddParameter): Name = "Published"; Value = "8-Jun-2000"; VariantName = "[No Variations]"
Add component (AddParameter): Name = "Publisher"; Value = "Altium Limited"; VariantName = "[No Variations]"
Add component (AddParameter): Name = "Supplier 1"; Value = "Digi-Key"; VariantName = "[No Variations]"
Add component (AddParameter): Name = "Supplier Part Number 1"; Value = "490-12330-1-ND"; VariantName = "[No Variations]"
Added Component: Designator=C8(0603_CAP)
Add component (AddParameter): Name = "LatestRevisionDate"; Value = "17-Jul-2002"; VariantName = "[No Variations]"
Add component (AddParameter): Name = "LatestRevisionNote"; Value = "Re-released for DXP Platform."; VariantName = "[No Variations]"
Add component (AddParameter): Name = "PackageDescription"; Value = "Radial Cap, Thru-Hole; 2 Leads; 0.3 in Pin Spacing"; VariantName = "[No Variations]"
Add component (AddParameter): Name = "PackageReference"; Value = "RAD-0.3"; VariantName = "[No Variations]"
Add component (AddParameter): Name = "Published"; Value = "8-Jun-2000"; VariantName = "[No Variations]"
Add component (AddParameter): Name = "Publisher"; Value = "Altium Limited"; VariantName = "[No Variations]"
Add component (AddParameter): Name = "Supplier 1"; Value = "Digi-Key"; VariantName = "[No Variations]"
Add component (AddParameter): Name = "Supplier Part Number 1"; Value = "490-12330-1-ND"; VariantName = "[No Variations]"
Added Component: Designator=C9(0603_CAP)
Add component (AddParameter): Name = "LatestRevisionDate"; Value = "17-Jul-2002"; VariantName = "[No Variations]"
Add component (AddParameter): Name = "LatestRevisionNote"; Value = "Re-released for DXP Platform."; VariantName = "[No Variations]"
Add component (AddParameter): Name = "PackageDescription"; Value = "Radial Cap, Thru-Hole; 2 Leads; 0.3 in Pin Spacing"; VariantName = "[No Variations]"
Add component (AddParameter): Name = "PackageReference"; Value = "RAD-0.3"; VariantName = "[No Variations]"
Add component (AddParameter): Name = "Published"; Value = "8-Jun-2000"; VariantName = "[No Variations]"
Add component (AddParameter): Name = "Publisher"; Value = "Altium Limited"; VariantName = "[No Variations]"
Add component (AddParameter): Name = "Supplier 1"; Value = "Digi-Key"; VariantName = "[No Variations]"
Add component (AddParameter): Name = "Supplier Part Number 1"; Value = "490-12330-1-ND"; VariantName = "[No Variations]"
Added Component: Designator=C10(0603_CAP)
Add component (AddParameter): Name = "LatestRevisionDate"; Value = "17-Jul-2002"; VariantName = "[No Variations]"
Add component (AddParameter): Name = "LatestRevisionNote"; Value = "Re-released for DXP Platform."; VariantName = "[No Variations]"
Add component (AddParameter): Name = "PackageDescription"; Value = "Radial Cap, Thru-Hole; 2 Leads; 0.3 in Pin Spacing"; VariantName = "[No Variations]"
Add component (AddParameter): Name = "PackageReference"; Value = "RAD-0.3"; VariantName = "[No Variations]"
Add component (AddParameter): Name = "Published"; Value = "8-Jun-2000"; VariantName = "[No Variations]"
Add component (AddParameter): Name = "Publisher"; Value = "Altium Limited"; VariantName = "[No Variations]"
Add component (AddParameter): Name = "Supplier 1"; Value = "Digi-Key"; VariantName = "[No Variations]"
Add component (AddParameter): Name = "Supplier Part Number 1"; Value = "490-12330-1-ND"; VariantName = "[No Variations]"
Added Component: Designator=C11(0603_CAP)
Add component (AddParameter): Name = "LatestRevisionDate"; Value = "17-Jul-2002"; VariantName = "[No Variations]"
Add component (AddParameter): Name = "LatestRevisionNote"; Value = "Re-released for DXP Platform."; VariantName = "[No Variations]"
Add component (AddParameter): Name = "PackageDescription"; Value = "Radial Cap, Thru-Hole; 2 Leads; 0.3 in Pin Spacing"; VariantName = "[No Variations]"
Add component (AddParameter): Name = "PackageReference"; Value = "RAD-0.3"; VariantName = "[No Variations]"
Add component (AddParameter): Name = "Published"; Value = "8-Jun-2000"; VariantName = "[No Variations]"
Add component (AddParameter): Name = "Publisher"; Value = "Altium Limited"; VariantName = "[No Variations]"
Add component (AddParameter): Name = "Supplier 1"; Value = "Digi-Key"; VariantName = "[No Variations]"
Add component (AddParameter): Name = "Supplier Part Number 1"; Value = "490-12330-1-ND"; VariantName = "[No Variations]"
Added Component: Designator=C12(TOUCHSENSE_SLIDE1)
Add component (AddParameter): Name = "LatestRevisionDate"; Value = "17-Jul-2002"; VariantName = "[No Variations]"
Add component (AddParameter): Name = "LatestRevisionNote"; Value = "Re-released for DXP Platform."; VariantName = "[No Variations]"
Add component (AddParameter): Name = "PackageDescription"; Value = "Radial Cap, Thru-Hole; 2 Leads; 0.3 in Pin Spacing"; VariantName = "[No Variations]"
Add component (AddParameter): Name = "PackageReference"; Value = "RAD-0.3"; VariantName = "[No Variations]"
Add component (AddParameter): Name = "Published"; Value = "8-Jun-2000"; VariantName = "[No Variations]"
Add component (AddParameter): Name = "Publisher"; Value = "Altium Limited"; VariantName = "[No Variations]"
Added Component: Designator=C13(0603_CAP)
Add component (AddParameter): Name = "LatestRevisionDate"; Value = "17-Jul-2002"; VariantName = "[No Variations]"
Add component (AddParameter): Name = "LatestRevisionNote"; Value = "Re-released for DXP Platform."; VariantName = "[No Variations]"
Add component (AddParameter): Name = "PackageDescription"; Value = "Radial Cap, Thru-Hole; 2 Leads; 0.3 in Pin Spacing"; VariantName = "[No Variations]"
Add component (AddParameter): Name = "PackageReference"; Value = "RAD-0.3"; VariantName = "[No Variations]"
Add component (AddParameter): Name = "Published"; Value = "8-Jun-2000"; VariantName = "[No Variations]"
Add component (AddParameter): Name = "Publisher"; Value = "Altium Limited"; VariantName = "[No Variations]"
Add component (AddParameter): Name = "Supplier 1"; Value = "Digi-Key"; VariantName = "[No Variations]"
Add component (AddParameter): Name = "Supplier Part Number 1"; Value = "490-12330-1-ND"; VariantName = "[No Variations]"
Added Component: Designator=C14(TOUCHSENSE_SLIDE1)
Add component (AddParameter): Name = "LatestRevisionDate"; Value = "17-Jul-2002"; VariantName = "[No Variations]"
Add component (AddParameter): Name = "LatestRevisionNote"; Value = "Re-released for DXP Platform."; VariantName = "[No Variations]"
Add component (AddParameter): Name = "PackageDescription"; Value = "Radial Cap, Thru-Hole; 2 Leads; 0.3 in Pin Spacing"; VariantName = "[No Variations]"
Add component (AddParameter): Name = "PackageReference"; Value = "RAD-0.3"; VariantName = "[No Variations]"
Add component (AddParameter): Name = "Published"; Value = "8-Jun-2000"; VariantName = "[No Variations]"
Add component (AddParameter): Name = "Publisher"; Value = "Altium Limited"; VariantName = "[No Variations]"
Added Component: Designator=C15(TOUCHSENSE_SLIDE1)
Add component (AddParameter): Name = "LatestRevisionDate"; Value = "17-Jul-2002"; VariantName = "[No Variations]"
Add component (AddParameter): Name = "LatestRevisionNote"; Value = "Re-released for DXP Platform."; VariantName = "[No Variations]"
Add component (AddParameter): Name = "PackageDescription"; Value = "Radial Cap, Thru-Hole; 2 Leads; 0.3 in Pin Spacing"; VariantName = "[No Variations]"
Add component (AddParameter): Name = "PackageReference"; Value = "RAD-0.3"; VariantName = "[No Variations]"
Add component (AddParameter): Name = "Published"; Value = "8-Jun-2000"; VariantName = "[No Variations]"
Add component (AddParameter): Name = "Publisher"; Value = "Altium Limited"; VariantName = "[No Variations]"
Added Component: Designator=C16(TOUCHSENSE_SLIDE1)
Add component (AddParameter): Name = "LatestRevisionDate"; Value = "17-Jul-2002"; VariantName = "[No Variations]"
Add component (AddParameter): Name = "LatestRevisionNote"; Value = "Re-released for DXP Platform."; VariantName = "[No Variations]"
Add component (AddParameter): Name = "PackageDescription"; Value = "Radial Cap, Thru-Hole; 2 Leads; 0.3 in Pin Spacing"; VariantName = "[No Variations]"
Add component (AddParameter): Name = "PackageReference"; Value = "RAD-0.3"; VariantName = "[No Variations]"
Add component (AddParameter): Name = "Published"; Value = "8-Jun-2000"; VariantName = "[No Variations]"
Add component (AddParameter): Name = "Publisher"; Value = "Altium Limited"; VariantName = "[No Variations]"
Added Component: Designator=C17(TOUCHSENSE_SLIDE1)
Add component (AddParameter): Name = "LatestRevisionDate"; Value = "17-Jul-2002"; VariantName = "[No Variations]"
Add component (AddParameter): Name = "LatestRevisionNote"; Value = "Re-released for DXP Platform."; VariantName = "[No Variations]"
Add component (AddParameter): Name = "PackageDescription"; Value = "Radial Cap, Thru-Hole; 2 Leads; 0.3 in Pin Spacing"; VariantName = "[No Variations]"
Add component (AddParameter): Name = "PackageReference"; Value = "RAD-0.3"; VariantName = "[No Variations]"
Add component (AddParameter): Name = "Published"; Value = "8-Jun-2000"; VariantName = "[No Variations]"
Add component (AddParameter): Name = "Publisher"; Value = "Altium Limited"; VariantName = "[No Variations]"
Added Component: Designator=C18(TOUCHSENSE_SLIDE1)
Add component (AddParameter): Name = "LatestRevisionDate"; Value = "17-Jul-2002"; VariantName = "[No Variations]"
Add component (AddParameter): Name = "LatestRevisionNote"; Value = "Re-released for DXP Platform."; VariantName = "[No Variations]"
Add component (AddParameter): Name = "PackageDescription"; Value = "Radial Cap, Thru-Hole; 2 Leads; 0.3 in Pin Spacing"; VariantName = "[No Variations]"
Add component (AddParameter): Name = "PackageReference"; Value = "RAD-0.3"; VariantName = "[No Variations]"
Add component (AddParameter): Name = "Published"; Value = "8-Jun-2000"; VariantName = "[No Variations]"
Add component (AddParameter): Name = "Publisher"; Value = "Altium Limited"; VariantName = "[No Variations]"
Added Component: Designator=C19(TOUCHSENSE_SLIDE1)
Add component (AddParameter): Name = "LatestRevisionDate"; Value = "17-Jul-2002"; VariantName = "[No Variations]"
Add component (AddParameter): Name = "LatestRevisionNote"; Value = "Re-released for DXP Platform."; VariantName = "[No Variations]"
Add component (AddParameter): Name = "PackageDescription"; Value = "Radial Cap, Thru-Hole; 2 Leads; 0.3 in Pin Spacing"; VariantName = "[No Variations]"
Add component (AddParameter): Name = "PackageReference"; Value = "RAD-0.3"; VariantName = "[No Variations]"
Add component (AddParameter): Name = "Published"; Value = "8-Jun-2000"; VariantName = "[No Variations]"
Add component (AddParameter): Name = "Publisher"; Value = "Altium Limited"; VariantName = "[No Variations]"
Added Component: Designator=C20(TOUCHSENSE_SLIDE1)
Add component (AddParameter): Name = "LatestRevisionDate"; Value = "17-Jul-2002"; VariantName = "[No Variations]"
Add component (AddParameter): Name = "LatestRevisionNote"; Value = "Re-released for DXP Platform."; VariantName = "[No Variations]"
Add component (AddParameter): Name = "PackageDescription"; Value = "Radial Cap, Thru-Hole; 2 Leads; 0.3 in Pin Spacing"; VariantName = "[No Variations]"
Add component (AddParameter): Name = "PackageReference"; Value = "RAD-0.3"; VariantName = "[No Variations]"
Add component (AddParameter): Name = "Published"; Value = "8-Jun-2000"; VariantName = "[No Variations]"
Add component (AddParameter): Name = "Publisher"; Value = "Altium Limited"; VariantName = "[No Variations]"
Added Component: Designator=C21(TOUCHSENSE_SLIDE1)
Add component (AddParameter): Name = "LatestRevisionDate"; Value = "17-Jul-2002"; VariantName = "[No Variations]"
Add component (AddParameter): Name = "LatestRevisionNote"; Value = "Re-released for DXP Platform."; VariantName = "[No Variations]"
Add component (AddParameter): Name = "PackageDescription"; Value = "Radial Cap, Thru-Hole; 2 Leads; 0.3 in Pin Spacing"; VariantName = "[No Variations]"
Add component (AddParameter): Name = "PackageReference"; Value = "RAD-0.3"; VariantName = "[No Variations]"
Add component (AddParameter): Name = "Published"; Value = "8-Jun-2000"; VariantName = "[No Variations]"
Add component (AddParameter): Name = "Publisher"; Value = "Altium Limited"; VariantName = "[No Variations]"
Added Component: Designator=C22(TOUCHSENSE_SLIDE1)
Add component (AddParameter): Name = "LatestRevisionDate"; Value = "17-Jul-2002"; VariantName = "[No Variations]"
Add component (AddParameter): Name = "LatestRevisionNote"; Value = "Re-released for DXP Platform."; VariantName = "[No Variations]"
Add component (AddParameter): Name = "PackageDescription"; Value = "Radial Cap, Thru-Hole; 2 Leads; 0.3 in Pin Spacing"; VariantName = "[No Variations]"
Add component (AddParameter): Name = "PackageReference"; Value = "RAD-0.3"; VariantName = "[No Variations]"
Add component (AddParameter): Name = "Published"; Value = "8-Jun-2000"; VariantName = "[No Variations]"
Add component (AddParameter): Name = "Publisher"; Value = "Altium Limited"; VariantName = "[No Variations]"
Added Component: Designator=D1(0402-LED-G)
Add component (AddParameter): Name = "Supplier 1"; Value = "Digi-Key"; VariantName = "[No Variations]"
Add component (AddParameter): Name = "Supplier Part Number 1"; Value = "754-1101-1-ND"; VariantName = "[No Variations]"
Added Component: Designator=J1(Micro_USB)
Add component (AddParameter): Name = "Availability"; Value = "Unavailable"; VariantName = "[No Variations]"
Add component (AddParameter): Name = "MF"; Value = "Hirose"; VariantName = "[No Variations]"
Add component (AddParameter): Name = "MP"; Value = "ZX62D-B-5P8"; VariantName = "[No Variations]"
Add component (AddParameter): Name = "Package"; Value = "None"; VariantName = "[No Variations]"
Add component (AddParameter): Name = "Price"; Value = "None"; VariantName = "[No Variations]"
Add component (AddParameter): Name = "SnapEDA_Link"; Value = "https://www.snapeda.com/parts/ZX62D-B-5P8/Hirose%20Electric%20Co%20Ltd/view-part/?ref=snap"; VariantName = "[No Variations]"
Add component (AddParameter): Name = "Supplier 1"; Value = "Digi-Key"; VariantName = "[No Variations]"
Add component (AddParameter): Name = "Supplier Part Number 1"; Value = "H125272CT-ND"; VariantName = "[No Variations]"
Add component (AddParameter): Name = "Value"; Value = ""; VariantName = "[No Variations]"
Added Component: Designator=J2(SNAPBEE_DF59-2S-2V)
Add component (AddParameter): Name = "Supplier 1"; Value = "Digi-Key"; VariantName = "[No Variations]"
Add component (AddParameter): Name = "Supplier 2"; Value = "Digi-Key"; VariantName = "[No Variations]"
Add component (AddParameter): Name = "Supplier 3"; Value = "Digi-Key"; VariantName = "[No Variations]"
Add component (AddParameter): Name = "Supplier Part Number 1"; Value = "H11961CT-ND"; VariantName = "[No Variations]"
Add component (AddParameter): Name = "Supplier Part Number 2"; Value = "H11958-ND"; VariantName = "[No Variations]"
Add component (AddParameter): Name = "Supplier Part Number 3"; Value = "H11957CT-ND"; VariantName = "[No Variations]"
Added Component: Designator=J3(CONN_ISP_TINY)
Added Component: Designator=P1(PIN2)
Added Component: Designator=P2(PIN2)
Added Component: Designator=P3(PIN2)
Added Component: Designator=P4(PIN3)
Added Component: Designator=Q1(PICOSTAR-3)
Add component (AddParameter): Name = "Availability"; Value = "Unavailable"; VariantName = "[No Variations]"
Add component (AddParameter): Name = "MF"; Value = "{'manufacturer': u'Texas Instruments'}"; VariantName = "[No Variations]"
Add component (AddParameter): Name = "MP"; Value = "CSD17381F4"; VariantName = "[No Variations]"
Add component (AddParameter): Name = "Package"; Value = "None"; VariantName = "[No Variations]"
Add component (AddParameter): Name = "Price"; Value = "None"; VariantName = "[No Variations]"
Add component (AddParameter): Name = "Supplier 1"; Value = "Digi-Key"; VariantName = "[No Variations]"
Add component (AddParameter): Name = "Supplier Part Number 1"; Value = "296-38913-1-ND"; VariantName = "[No Variations]"
Add component (AddParameter): Name = "Value"; Value = ""; VariantName = "[No Variations]"
Added Component: Designator=R1(0603_RES)
Add component (AddParameter): Name = "LatestRevisionDate"; Value = "17-Jul-2002"; VariantName = "[No Variations]"
Add component (AddParameter): Name = "LatestRevisionNote"; Value = "Re-released for DXP Platform."; VariantName = "[No Variations]"
Add component (AddParameter): Name = "PackageDescription"; Value = "Axial Device, Thru-Hole; 2 Leads; 0.3 in Pin Spacing"; VariantName = "[No Variations]"
Add component (AddParameter): Name = "PackageReference"; Value = "AXIAL-0.3"; VariantName = "[No Variations]"
Add component (AddParameter): Name = "Published"; Value = "8-Jun-2000"; VariantName = "[No Variations]"
Add component (AddParameter): Name = "Publisher"; Value = "Altium Limited"; VariantName = "[No Variations]"
Add component (AddParameter): Name = "Supplier 1"; Value = "Digi-Key"; VariantName = "[No Variations]"
Add component (AddParameter): Name = "Supplier Part Number 1"; Value = "541-220HCT-ND"; VariantName = "[No Variations]"
Added Component: Designator=R2(0603_RES)
Add component (AddParameter): Name = "LatestRevisionDate"; Value = "17-Jul-2002"; VariantName = "[No Variations]"
Add component (AddParameter): Name = "LatestRevisionNote"; Value = "Re-released for DXP Platform."; VariantName = "[No Variations]"
Add component (AddParameter): Name = "PackageDescription"; Value = "Axial Device, Thru-Hole; 2 Leads; 0.3 in Pin Spacing"; VariantName = "[No Variations]"
Add component (AddParameter): Name = "PackageReference"; Value = "AXIAL-0.3"; VariantName = "[No Variations]"
Add component (AddParameter): Name = "Published"; Value = "8-Jun-2000"; VariantName = "[No Variations]"
Add component (AddParameter): Name = "Publisher"; Value = "Altium Limited"; VariantName = "[No Variations]"
Add component (AddParameter): Name = "Supplier 1"; Value = "Digi-Key"; VariantName = "[No Variations]"
Add component (AddParameter): Name = "Supplier Part Number 1"; Value = "311-2.20KHRCT-ND"; VariantName = "[No Variations]"
Added Component: Designator=R3(0603_RES)
Add component (AddParameter): Name = "LatestRevisionDate"; Value = "17-Jul-2002"; VariantName = "[No Variations]"
Add component (AddParameter): Name = "LatestRevisionNote"; Value = "Re-released for DXP Platform."; VariantName = "[No Variations]"
Add component (AddParameter): Name = "PackageDescription"; Value = "Axial Device, Thru-Hole; 2 Leads; 0.3 in Pin Spacing"; VariantName = "[No Variations]"
Add component (AddParameter): Name = "PackageReference"; Value = "AXIAL-0.3"; VariantName = "[No Variations]"
Add component (AddParameter): Name = "Published"; Value = "8-Jun-2000"; VariantName = "[No Variations]"
Add component (AddParameter): Name = "Publisher"; Value = "Altium Limited"; VariantName = "[No Variations]"
Add component (AddParameter): Name = "Supplier 1"; Value = "Digi-Key"; VariantName = "[No Variations]"
Add component (AddParameter): Name = "Supplier Part Number 1"; Value = "311-100HRCT-ND"; VariantName = "[No Variations]"
Added Component: Designator=R4(0603_RES)
Add component (AddParameter): Name = "LatestRevisionDate"; Value = "17-Jul-2002"; VariantName = "[No Variations]"
Add component (AddParameter): Name = "LatestRevisionNote"; Value = "Re-released for DXP Platform."; VariantName = "[No Variations]"
Add component (AddParameter): Name = "PackageDescription"; Value = "Axial Device, Thru-Hole; 2 Leads; 0.3 in Pin Spacing"; VariantName = "[No Variations]"
Add component (AddParameter): Name = "PackageReference"; Value = "AXIAL-0.3"; VariantName = "[No Variations]"
Add component (AddParameter): Name = "Published"; Value = "8-Jun-2000"; VariantName = "[No Variations]"
Add component (AddParameter): Name = "Publisher"; Value = "Altium Limited"; VariantName = "[No Variations]"
Add component (AddParameter): Name = "Supplier 1"; Value = "Digi-Key"; VariantName = "[No Variations]"
Add component (AddParameter): Name = "Supplier Part Number 1"; Value = "311-100HRCT-ND"; VariantName = "[No Variations]"
Added Component: Designator=R5(0603_RES)
Add component (AddParameter): Name = "LatestRevisionDate"; Value = "17-Jul-2002"; VariantName = "[No Variations]"
Add component (AddParameter): Name = "LatestRevisionNote"; Value = "Re-released for DXP Platform."; VariantName = "[No Variations]"
Add component (AddParameter): Name = "PackageDescription"; Value = "Axial Device, Thru-Hole; 2 Leads; 0.3 in Pin Spacing"; VariantName = "[No Variations]"
Add component (AddParameter): Name = "PackageReference"; Value = "AXIAL-0.3"; VariantName = "[No Variations]"
Add component (AddParameter): Name = "Published"; Value = "8-Jun-2000"; VariantName = "[No Variations]"
Add component (AddParameter): Name = "Publisher"; Value = "Altium Limited"; VariantName = "[No Variations]"
Add component (AddParameter): Name = "Supplier 1"; Value = "Digi-Key"; VariantName = "[No Variations]"
Add component (AddParameter): Name = "Supplier Part Number 1"; Value = "541-4.99KHCT-ND"; VariantName = "[No Variations]"
Added Component: Designator=R6(0603_RES)
Add component (AddParameter): Name = "LatestRevisionDate"; Value = "17-Jul-2002"; VariantName = "[No Variations]"
Add component (AddParameter): Name = "LatestRevisionNote"; Value = "Re-released for DXP Platform."; VariantName = "[No Variations]"
Add component (AddParameter): Name = "PackageDescription"; Value = "Axial Device, Thru-Hole; 2 Leads; 0.3 in Pin Spacing"; VariantName = "[No Variations]"
Add component (AddParameter): Name = "PackageReference"; Value = "AXIAL-0.3"; VariantName = "[No Variations]"
Add component (AddParameter): Name = "Published"; Value = "8-Jun-2000"; VariantName = "[No Variations]"
Add component (AddParameter): Name = "Publisher"; Value = "Altium Limited"; VariantName = "[No Variations]"
Add component (AddParameter): Name = "Supplier 1"; Value = "Digi-Key"; VariantName = "[No Variations]"
Add component (AddParameter): Name = "Supplier Part Number 1"; Value = "311-10.0KHRCT-ND"; VariantName = "[No Variations]"
Added Component: Designator=R7(0603_RES)
Add component (AddParameter): Name = "LatestRevisionDate"; Value = "17-Jul-2002"; VariantName = "[No Variations]"
Add component (AddParameter): Name = "LatestRevisionNote"; Value = "Re-released for DXP Platform."; VariantName = "[No Variations]"
Add component (AddParameter): Name = "PackageDescription"; Value = "Axial Device, Thru-Hole; 2 Leads; 0.3 in Pin Spacing"; VariantName = "[No Variations]"
Add component (AddParameter): Name = "PackageReference"; Value = "AXIAL-0.3"; VariantName = "[No Variations]"
Add component (AddParameter): Name = "Published"; Value = "8-Jun-2000"; VariantName = "[No Variations]"
Add component (AddParameter): Name = "Publisher"; Value = "Altium Limited"; VariantName = "[No Variations]"
Add component (AddParameter): Name = "Supplier 1"; Value = "Digi-Key"; VariantName = "[No Variations]"
Add component (AddParameter): Name = "Supplier Part Number 1"; Value = "541-4.99KHCT-ND"; VariantName = "[No Variations]"
Added Component: Designator=R8(0603_RES)
Add component (AddParameter): Name = "LatestRevisionDate"; Value = "17-Jul-2002"; VariantName = "[No Variations]"
Add component (AddParameter): Name = "LatestRevisionNote"; Value = "Re-released for DXP Platform."; VariantName = "[No Variations]"
Add component (AddParameter): Name = "PackageDescription"; Value = "Axial Device, Thru-Hole; 2 Leads; 0.3 in Pin Spacing"; VariantName = "[No Variations]"
Add component (AddParameter): Name = "PackageReference"; Value = "AXIAL-0.3"; VariantName = "[No Variations]"
Add component (AddParameter): Name = "Published"; Value = "8-Jun-2000"; VariantName = "[No Variations]"
Add component (AddParameter): Name = "Publisher"; Value = "Altium Limited"; VariantName = "[No Variations]"
Add component (AddParameter): Name = "Supplier 1"; Value = "Digi-Key"; VariantName = "[No Variations]"
Add component (AddParameter): Name = "Supplier Part Number 1"; Value = "311-10.0KHRCT-ND"; VariantName = "[No Variations]"
Added Component: Designator=RN1(RES-ARRAY-16_EXB)
Add component (AddParameter): Name = "Availability"; Value = "Unavailable"; VariantName = "[No Variations]"
Add component (AddParameter): Name = "MF"; Value = "{'manufacturer': u'Panasonic'}"; VariantName = "[No Variations]"
Add component (AddParameter): Name = "MP"; Value = "EXB-Q16P682J"; VariantName = "[No Variations]"
Add component (AddParameter): Name = "Package"; Value = "None"; VariantName = "[No Variations]"
Add component (AddParameter): Name = "Price"; Value = "None"; VariantName = "[No Variations]"
Add component (AddParameter): Name = "Supplier 1"; Value = "Digi-Key"; VariantName = "[No Variations]"
Add component (AddParameter): Name = "Supplier Part Number 1"; Value = "U6682CT-ND"; VariantName = "[No Variations]"
Add component (AddParameter): Name = "Value"; Value = ""; VariantName = "[No Variations]"
Added Component: Designator=RN2(RES-ARRAY-16_EXB)
Add component (AddParameter): Name = "Availability"; Value = "Unavailable"; VariantName = "[No Variations]"
Add component (AddParameter): Name = "MF"; Value = "{'manufacturer': u'Panasonic'}"; VariantName = "[No Variations]"
Add component (AddParameter): Name = "MP"; Value = "EXB-Q16P682J"; VariantName = "[No Variations]"
Add component (AddParameter): Name = "Package"; Value = "None"; VariantName = "[No Variations]"
Add component (AddParameter): Name = "Price"; Value = "None"; VariantName = "[No Variations]"
Add component (AddParameter): Name = "Supplier 1"; Value = "Digi-Key"; VariantName = "[No Variations]"
Add component (AddParameter): Name = "Supplier Part Number 1"; Value = "Y1472CT-ND"; VariantName = "[No Variations]"
Add component (AddParameter): Name = "Value"; Value = ""; VariantName = "[No Variations]"
Added Component: Designator=RN3(RES-ARRAY-16_EXB)
Add component (AddParameter): Name = "Availability"; Value = "Unavailable"; VariantName = "[No Variations]"
Add component (AddParameter): Name = "MF"; Value = "{'manufacturer': u'Panasonic'}"; VariantName = "[No Variations]"
Add component (AddParameter): Name = "MP"; Value = "EXB-Q16P682J"; VariantName = "[No Variations]"
Add component (AddParameter): Name = "Package"; Value = "None"; VariantName = "[No Variations]"
Add component (AddParameter): Name = "Price"; Value = "None"; VariantName = "[No Variations]"
Add component (AddParameter): Name = "Supplier 1"; Value = "Digi-Key"; VariantName = "[No Variations]"
Add component (AddParameter): Name = "Supplier Part Number 1"; Value = "Y1472CT-ND"; VariantName = "[No Variations]"
Add component (AddParameter): Name = "Value"; Value = ""; VariantName = "[No Variations]"
Added Component: Designator=RN4(RES-ARRAY-16_EXB)
Add component (AddParameter): Name = "Availability"; Value = "Unavailable"; VariantName = "[No Variations]"
Add component (AddParameter): Name = "MF"; Value = "{'manufacturer': u'Panasonic'}"; VariantName = "[No Variations]"
Add component (AddParameter): Name = "MP"; Value = "EXB-Q16P682J"; VariantName = "[No Variations]"
Add component (AddParameter): Name = "Package"; Value = "None"; VariantName = "[No Variations]"
Add component (AddParameter): Name = "Price"; Value = "None"; VariantName = "[No Variations]"
Add component (AddParameter): Name = "Supplier 1"; Value = "Digi-Key"; VariantName = "[No Variations]"
Add component (AddParameter): Name = "Supplier Part Number 1"; Value = "Y1472CT-ND"; VariantName = "[No Variations]"
Add component (AddParameter): Name = "Value"; Value = ""; VariantName = "[No Variations]"
Added Component: Designator=U1(SOT-23-5-N)
Add component (AddParameter): Name = "Availability"; Value = "Unavailable"; VariantName = "[No Variations]"
Add component (AddParameter): Name = "MF"; Value = "{'manufacturer': u'Microchip'}"; VariantName = "[No Variations]"
Add component (AddParameter): Name = "MP"; Value = "MCP73831T-4ADI/OT"; VariantName = "[No Variations]"
Add component (AddParameter): Name = "Package"; Value = "None"; VariantName = "[No Variations]"
Add component (AddParameter): Name = "Price"; Value = "None"; VariantName = "[No Variations]"
Add component (AddParameter): Name = "Supplier 1"; Value = "Digi-Key"; VariantName = "[No Variations]"
Add component (AddParameter): Name = "Supplier Part Number 1"; Value = "MCP73831T-4ADI/OTCT-ND"; VariantName = "[No Variations]"
Add component (AddParameter): Name = "Value"; Value = ""; VariantName = "[No Variations]"
Added Component: Designator=U2(QFN-28_4x4)
Add component (AddParameter): Name = "Availability"; Value = "Unavailable"; VariantName = "[No Variations]"
Add component (AddParameter): Name = "MF"; Value = "Microchip"; VariantName = "[No Variations]"
Add component (AddParameter): Name = "MP"; Value = "ATMEGA328P-PU"; VariantName = "[No Variations]"
Add component (AddParameter): Name = "Package"; Value = "PDIP-28 Microchip"; VariantName = "[No Variations]"
Add component (AddParameter): Name = "Price"; Value = "None"; VariantName = "[No Variations]"
Add component (AddParameter): Name = "SnapEDA_Link"; Value = "https://www.snapeda.com/parts/ATMEGA328P-PU/Microchip/view-part/?ref=snap"; VariantName = "[No Variations]"
Add component (AddParameter): Name = "Supplier 1"; Value = "Digi-Key"; VariantName = "[No Variations]"
Add component (AddParameter): Name = "Supplier Part Number 1"; Value = "ATMEGA328-MMHRCT-ND"; VariantName = "[No Variations]"
Add component (AddParameter): Name = "Value"; Value = ""; VariantName = "[No Variations]"
Added Component: Designator=U3(DHVQFN-14)
Add component (AddParameter): Name = "Supplier 1"; Value = "Digi-Key"; VariantName = "[No Variations]"
Add component (AddParameter): Name = "Supplier Part Number 1"; Value = "1727-6943-1-ND"; VariantName = "[No Variations]"
Added Component: Designator=U4(UQFN-20_4x4)
Add component (AddParameter): Name = "Supplier 1"; Value = "Digi-Key"; VariantName = "[No Variations]"
Add component (AddParameter): Name = "Supplier Part Number 1"; Value = "MTCH108-I/GZ-ND"; VariantName = "[No Variations]"
Added Component: Designator=U5(MICROPAK2)
Add component (AddParameter): Name = "Supplier 1"; Value = "Digi-Key"; VariantName = "[No Variations]"
Add component (AddParameter): Name = "Supplier Part Number 1"; Value = "NC7WZ14FHXCT-ND"; VariantName = "[No Variations]"
Added Component: Designator=U6(MICROPAK2)
Add component (AddParameter): Name = "Supplier 1"; Value = "Digi-Key"; VariantName = "[No Variations]"
Add component (AddParameter): Name = "Supplier Part Number 1"; Value = "NC7WZ14FHXCT-ND"; VariantName = "[No Variations]"
Added Component: Designator=U7(MSOP-8)
Add component (AddParameter): Name = "Supplier 1"; Value = "Digi-Key"; VariantName = "[No Variations]"
Add component (AddParameter): Name = "Supplier Part Number 1"; Value = "MTCH102-I/MS-ND"; VariantName = "[No Variations]"
Added Pin To Net: NetName=B3 Pin=C1-1
Added Pin To Net: NetName=5V Pin=C1-2
Added Pin To Net: NetName=B3 Pin=C2-1
Added Pin To Net: NetName=VLIPO Pin=C2-2
Added Pin To Net: NetName=B3 Pin=C3-1
Added Pin To Net: NetName=B1 Pin=C3-2
Added Pin To Net: NetName=B3 Pin=C4-1
Added Pin To Net: NetName=B2 Pin=C4-2
Added Pin To Net: NetName=B3 Pin=C5-1
Added Pin To Net: NetName=B3 Pin=C5-2
Added Pin To Net: NetName=B3 Pin=C6-1
Added Pin To Net: NetName=B4 Pin=C6-2
Added Pin To Net: NetName=B5 Pin=C7-1
Added Pin To Net: NetName=B3 Pin=C7-2
Added Pin To Net: NetName=B3 Pin=C8-1
Added Pin To Net: NetName=S1 Pin=C8-2
Added Pin To Net: NetName=B3 Pin=C9-1
Added Pin To Net: NetName=S2 Pin=C9-2
Added Pin To Net: NetName=B3 Pin=C10-1
Added Pin To Net: NetName=S3 Pin=C10-2
Added Pin To Net: NetName=B3 Pin=C11-1
Added Pin To Net: NetName=S4 Pin=C11-2
Added Pin To Net: NetName=NetC12_1 Pin=C12-1
Added Pin To Net: NetName=S5 Pin=C13-1
Added Pin To Net: NetName=B3 Pin=C13-2
Added Pin To Net: NetName=NetC14_1 Pin=C14-1
Added Pin To Net: NetName=NetC15_1 Pin=C15-1
Added Pin To Net: NetName=NetC16_1 Pin=C16-1
Added Pin To Net: NetName=NetC17_1 Pin=C17-1
Added Pin To Net: NetName=NetC18_1 Pin=C18-1
Added Pin To Net: NetName=NetC19_1 Pin=C19-1
Added Pin To Net: NetName=NetC20_1 Pin=C20-1
Added Pin To Net: NetName=NetC21_1 Pin=C21-1
Added Pin To Net: NetName=NetC22_1 Pin=C22-1
Added Pin To Net: NetName=NetD1_1 Pin=D1-1
Added Pin To Net: NetName=NetD1_2 Pin=D1-2
Added Pin To Net: NetName=5V Pin=J1-1
Added Pin To Net: NetName=B3 Pin=J1-5
Added Pin To Net: NetName=NetJ1_S1 Pin=J1-S1
Added Pin To Net: NetName=NetJ1_S1 Pin=J1-S2
Added Pin To Net: NetName=NetJ1_S1 Pin=J1-S3
Added Pin To Net: NetName=NetJ1_S1 Pin=J1-S4
Added Pin To Net: NetName=NetJ1_S1 Pin=J1-S5
Added Pin To Net: NetName=NetJ1_S1 Pin=J1-S6
Added Pin To Net: NetName=VLIPO Pin=J2-1
Added Pin To Net: NetName=B3 Pin=J2-2
Added Pin To Net: NetName=NetJ2_S1 Pin=J2-S1
Added Pin To Net: NetName=NetJ2_S1 Pin=J2-S2
Added Pin To Net: NetName=MISO Pin=J3-1
Added Pin To Net: NetName=VLIPO Pin=J3-2
Added Pin To Net: NetName=SCK Pin=J3-3
Added Pin To Net: NetName=MOSI Pin=J3-4
Added Pin To Net: NetName=RST Pin=J3-5
Added Pin To Net: NetName=B3 Pin=J3-6
Added Pin To Net: NetName=VLIPO Pin=P1-1
Added Pin To Net: NetName=LEDOUT Pin=P1-2
Added Pin To Net: NetName=SK6812_CTRL_1 Pin=P2-1
Added Pin To Net: NetName=SK6812_CTRL_2 Pin=P2-2
Added Pin To Net: NetName=IO1_SDA Pin=P3-1
Added Pin To Net: NetName=IO1_SCK Pin=P3-2
Added Pin To Net: NetName=IO4 Pin=P4-1
Added Pin To Net: NetName=IO3 Pin=P4-2
Added Pin To Net: NetName=IO2 Pin=P4-3
Added Pin To Net: NetName=LEDOUT Pin=Q1-1
Added Pin To Net: NetName=LED_PWR Pin=Q1-2
Added Pin To Net: NetName=B3 Pin=Q1-3
Added Pin To Net: NetName=NetD1_2 Pin=R1-1
Added Pin To Net: NetName=VLIPO Pin=R1-2
Added Pin To Net: NetName=B3 Pin=R2-1
Added Pin To Net: NetName=NetR2_2 Pin=R2-2
Added Pin To Net: NetName=SK6812_CTRL_1 Pin=R3-1
Added Pin To Net: NetName=NetR3_2 Pin=R3-2
Added Pin To Net: NetName=SK6812_CTRL_2 Pin=R4-1
Added Pin To Net: NetName=NetR4_2 Pin=R4-2
Added Pin To Net: NetName=NetC21_1 Pin=R5-1
Added Pin To Net: NetName=NetR5_2 Pin=R5-2
Added Pin To Net: NetName=B3 Pin=R6-1
Added Pin To Net: NetName=MTSA1 Pin=R6-2
Added Pin To Net: NetName=NetC22_1 Pin=R7-1
Added Pin To Net: NetName=NetR7_2 Pin=R7-2
Added Pin To Net: NetName=MTSA2 Pin=R8-1
Added Pin To Net: NetName=B3 Pin=R8-2
Added Pin To Net: NetName=SPEED1 Pin=RN1-1
Added Pin To Net: NetName=SPEED2 Pin=RN1-2
Added Pin To Net: NetName=SPEED3 Pin=RN1-3
Added Pin To Net: NetName=SPEED4 Pin=RN1-4
Added Pin To Net: NetName=SPEED5 Pin=RN1-5
Added Pin To Net: NetName=BRIGHT5 Pin=RN1-11
Added Pin To Net: NetName=BRIGHT4 Pin=RN1-12
Added Pin To Net: NetName=BRIGHT3 Pin=RN1-13
Added Pin To Net: NetName=BRIGHT2 Pin=RN1-14
Added Pin To Net: NetName=BRIGHT1 Pin=RN1-15
Added Pin To Net: NetName=VCC Pin=RN1-16
Added Pin To Net: NetName=BRIGHT1 Pin=RN2-1
Added Pin To Net: NetName=BRIGHT2 Pin=RN2-2
Added Pin To Net: NetName=BRIGHT3 Pin=RN2-3
Added Pin To Net: NetName=BRIGHT4 Pin=RN2-4
Added Pin To Net: NetName=BRIGHT5 Pin=RN2-5
Added Pin To Net: NetName=B5 Pin=RN2-12
Added Pin To Net: NetName=B4 Pin=RN2-13
Added Pin To Net: NetName=B3 Pin=RN2-14
Added Pin To Net: NetName=B2 Pin=RN2-15
Added Pin To Net: NetName=B1 Pin=RN2-16
Added Pin To Net: NetName=SPEED1 Pin=RN3-1
Added Pin To Net: NetName=SPEED2 Pin=RN3-2
Added Pin To Net: NetName=SPEED3 Pin=RN3-3
Added Pin To Net: NetName=SPEED4 Pin=RN3-4
Added Pin To Net: NetName=SPEED5 Pin=RN3-5
Added Pin To Net: NetName=S5 Pin=RN3-12
Added Pin To Net: NetName=S4 Pin=RN3-13
Added Pin To Net: NetName=S3 Pin=RN3-14
Added Pin To Net: NetName=S2 Pin=RN3-15
Added Pin To Net: NetName=S1 Pin=RN3-16
Added Pin To Net: NetName=NetC12_1 Pin=RN4-1
Added Pin To Net: NetName=NetC14_1 Pin=RN4-2
Added Pin To Net: NetName=NetC15_1 Pin=RN4-3
Added Pin To Net: NetName=NetC16_1 Pin=RN4-4
Added Pin To Net: NetName=NetC17_1 Pin=RN4-5
Added Pin To Net: NetName=NetC18_1 Pin=RN4-6
Added Pin To Net: NetName=NetC19_1 Pin=RN4-7
Added Pin To Net: NetName=NetC20_1 Pin=RN4-8
Added Pin To Net: NetName=NetRN4_9 Pin=RN4-9
Added Pin To Net: NetName=NetRN4_10 Pin=RN4-10
Added Pin To Net: NetName=NetRN4_11 Pin=RN4-11
Added Pin To Net: NetName=NetRN4_12 Pin=RN4-12
Added Pin To Net: NetName=NetRN4_13 Pin=RN4-13
Added Pin To Net: NetName=NetRN4_14 Pin=RN4-14
Added Pin To Net: NetName=NetRN4_15 Pin=RN4-15
Added Pin To Net: NetName=NetRN4_16 Pin=RN4-16
Added Pin To Net: NetName=NetD1_1 Pin=U1-1
Added Pin To Net: NetName=B3 Pin=U1-2
Added Pin To Net: NetName=VLIPO Pin=U1-3
Added Pin To Net: NetName=5V Pin=U1-4
Added Pin To Net: NetName=NetR2_2 Pin=U1-5
Added Pin To Net: NetName=PD3 Pin=U2-1
Added Pin To Net: NetName=PD4 Pin=U2-2
Added Pin To Net: NetName=VLIPO Pin=U2-3
Added Pin To Net: NetName=B3 Pin=U2-4
Added Pin To Net: NetName=NetR3_2 Pin=U2-5
Added Pin To Net: NetName=NetR4_2 Pin=U2-6
Added Pin To Net: NetName=PD5 Pin=U2-7
Added Pin To Net: NetName=PD6 Pin=U2-8
Added Pin To Net: NetName=PD7 Pin=U2-9
Added Pin To Net: NetName=LED_PWR Pin=U2-10
Added Pin To Net: NetName=PB1 Pin=U2-11
Added Pin To Net: NetName=PB2 Pin=U2-12
Added Pin To Net: NetName=MOSI Pin=U2-13
Added Pin To Net: NetName=MISO Pin=U2-14
Added Pin To Net: NetName=SCK Pin=U2-15
Added Pin To Net: NetName=VLIPO Pin=U2-16
Added Pin To Net: NetName=B3 Pin=U2-18
Added Pin To Net: NetName=IO4 Pin=U2-20
Added Pin To Net: NetName=IO3 Pin=U2-21
Added Pin To Net: NetName=IO2 Pin=U2-22
Added Pin To Net: NetName=IO1_SDA Pin=U2-23
Added Pin To Net: NetName=IO1_SCK Pin=U2-24
Added Pin To Net: NetName=RST Pin=U2-25
Added Pin To Net: NetName=PD0 Pin=U2-26
Added Pin To Net: NetName=PD1 Pin=U2-27
Added Pin To Net: NetName=B3 Pin=U2-28
Added Pin To Net: NetName=B3 Pin=U2-29
Added Pin To Net: NetName=B1 Pin=U3-1
Added Pin To Net: NetName=PD0 Pin=U3-2
Added Pin To Net: NetName=B2 Pin=U3-3
Added Pin To Net: NetName=PD1 Pin=U3-4
Added Pin To Net: NetName=B3 Pin=U3-5
Added Pin To Net: NetName=B3 Pin=U3-6
Added Pin To Net: NetName=B3 Pin=U3-7
Added Pin To Net: NetName=PD3 Pin=U3-8
Added Pin To Net: NetName=B4 Pin=U3-9
Added Pin To Net: NetName=PD4 Pin=U3-10
Added Pin To Net: NetName=B5 Pin=U3-11
Added Pin To Net: NetName=PD5 Pin=U3-12
Added Pin To Net: NetName=S1 Pin=U3-13
Added Pin To Net: NetName=VCC Pin=U3-14
Added Pin To Net: NetName=VCC Pin=U4-1
Added Pin To Net: NetName=NetRN4_14 Pin=U4-2
Added Pin To Net: NetName=NetRN4_13 Pin=U4-3
Added Pin To Net: NetName=NetRN4_12 Pin=U4-4
Added Pin To Net: NetName=NetRN4_11 Pin=U4-5
Added Pin To Net: NetName=NetRN4_10 Pin=U4-6
Added Pin To Net: NetName=NetRN4_9 Pin=U4-7
Added Pin To Net: NetName=SPEED3 Pin=U4-8
Added Pin To Net: NetName=SPEED2 Pin=U4-9
Added Pin To Net: NetName=SPEED1 Pin=U4-10
Added Pin To Net: NetName=BRIGHT5 Pin=U4-11
Added Pin To Net: NetName=BRIGHT4 Pin=U4-12
Added Pin To Net: NetName=BRIGHT3 Pin=U4-13
Added Pin To Net: NetName=MTSA1 Pin=U4-14
Added Pin To Net: NetName=BRIGHT2 Pin=U4-15
Added Pin To Net: NetName=BRIGHT1 Pin=U4-16
Added Pin To Net: NetName=B3 Pin=U4-17
Added Pin To Net: NetName=VCC Pin=U4-18
Added Pin To Net: NetName=NetRN4_16 Pin=U4-19
Added Pin To Net: NetName=NetRN4_15 Pin=U4-20
Added Pin To Net: NetName=S2 Pin=U5-1
Added Pin To Net: NetName=B3 Pin=U5-2
Added Pin To Net: NetName=S3 Pin=U5-3
Added Pin To Net: NetName=PD7 Pin=U5-4
Added Pin To Net: NetName=VCC Pin=U5-5
Added Pin To Net: NetName=PD6 Pin=U5-6
Added Pin To Net: NetName=S4 Pin=U6-1
Added Pin To Net: NetName=B3 Pin=U6-2
Added Pin To Net: NetName=S5 Pin=U6-3
Added Pin To Net: NetName=PB2 Pin=U6-4
Added Pin To Net: NetName=VCC Pin=U6-5
Added Pin To Net: NetName=PB1 Pin=U6-6
Added Pin To Net: NetName=VCC Pin=U7-1
Added Pin To Net: NetName=NetR5_2 Pin=U7-2
Added Pin To Net: NetName=NetR7_2 Pin=U7-3
Added Pin To Net: NetName=VCC Pin=U7-4
Added Pin To Net: NetName=MTSA2 Pin=U7-5
Added Pin To Net: NetName=SPEED5 Pin=U7-6
Added Pin To Net: NetName=SPEED4 Pin=U7-7
Added Pin To Net: NetName=B3 Pin=U7-8
Added Member To Class: ClassName=Controller Member=Component C1 4.7uF
Added Member To Class: ClassName=Controller Member=Component C2 10uF
Added Member To Class: ClassName=Controller Member=Component C3 1uF
Added Member To Class: ClassName=Controller Member=Component C4 1uF
Added Member To Class: ClassName=Controller Member=Component C5 1uF
Added Member To Class: ClassName=Controller Member=Component C6 1uF
Added Member To Class: ClassName=Controller Member=Component C7 1uF
Added Member To Class: ClassName=Controller Member=Component C8 1uF
Added Member To Class: ClassName=Controller Member=Component C9 1uF
Added Member To Class: ClassName=Controller Member=Component C10 1uF
Added Member To Class: ClassName=Controller Member=Component C11 1uF
Added Member To Class: ClassName=Controller Member=Component C12 Human Body Model
Added Member To Class: ClassName=Controller Member=Component C13 1uF
Added Member To Class: ClassName=Controller Member=Component C14 Human Body Model
Added Member To Class: ClassName=Controller Member=Component C15 Human Body Model
Added Member To Class: ClassName=Controller Member=Component C16 Human Body Model
Added Member To Class: ClassName=Controller Member=Component C17 Human Body Model
Added Member To Class: ClassName=Controller Member=Component C18 Human Body Model
Added Member To Class: ClassName=Controller Member=Component C19 Human Body Model
Added Member To Class: ClassName=Controller Member=Component C20 Human Body Model
Added Member To Class: ClassName=Controller Member=Component C21 Human Body Model
Added Member To Class: ClassName=Controller Member=Component C22 Human Body Model
Added Member To Class: ClassName=Controller Member=Component D1 APHHS1005CGCK
Added Member To Class: ClassName=Controller Member=Component J1 ZX62D-B-5P8
Added Member To Class: ClassName=Controller Member=Component J2 DF59-2S-2V(51)
Added Member To Class: ClassName=Controller Member=Component J3 6 Pin ISP Header
Added Member To Class: ClassName=Controller Member=Component P1 HEADER_1x2_POLAR
Added Member To Class: ClassName=Controller Member=Component P2 HEADER_1x2
Added Member To Class: ClassName=Controller Member=Component P3 HEADER_1x2
Added Member To Class: ClassName=Controller Member=Component P4 HEADER_1x3
Added Member To Class: ClassName=Controller Member=Component Q1 CSD17381F4
Added Member To Class: ClassName=Controller Member=Component R1 220O
Added Member To Class: ClassName=Controller Member=Component R2 2K2O
Added Member To Class: ClassName=Controller Member=Component R3 100O
Added Member To Class: ClassName=Controller Member=Component R4 100O
Added Member To Class: ClassName=Controller Member=Component R5 4K99O
Added Member To Class: ClassName=Controller Member=Component R6 10KO
Added Member To Class: ClassName=Controller Member=Component R7 4K99O
Added Member To Class: ClassName=Controller Member=Component R8 10KO
Added Member To Class: ClassName=Controller Member=Component RN1 EXB-Q16P682J
Added Member To Class: ClassName=Controller Member=Component RN2 EXB-2HV472JV
Added Member To Class: ClassName=Controller Member=Component RN3 EXB-2HV472JV
Added Member To Class: ClassName=Controller Member=Component RN4 EXB-2HV472JV
Added Member To Class: ClassName=Controller Member=Component U1 MCP73831T-4ADI/OT
Added Member To Class: ClassName=Controller Member=Component U2 ATMEGA328-MMHR
Added Member To Class: ClassName=Controller Member=Component U3 74LV14BQ,115
Added Member To Class: ClassName=Controller Member=Component U4 MTCH108-I/GZ
Added Member To Class: ClassName=Controller Member=Component U5 NC7WZ14FHX
Added Member To Class: ClassName=Controller Member=Component U6 NC7WZ14FHX
Added Member To Class: ClassName=Controller Member=Component U7 MTCH102-I/MS
Added Room: Name=Controller
