Removed Pin From Net: NetName=GND Pin=C13-1
Removed Pin From Net: NetName=B1 Pin=C13-2
Removed Pin From Net: NetName=GND Pin=C14-1
Removed Pin From Net: NetName=S1 Pin=C14-2
Removed Pin From Net: NetName=GND Pin=C15-1
Removed Pin From Net: NetName=B2 Pin=C15-2
Removed Pin From Net: NetName=GND Pin=C16-1
Removed Pin From Net: NetName=S2 Pin=C16-2
Removed Pin From Net: NetName=GND Pin=C17-1
Removed Pin From Net: NetName=GND Pin=C18-1
Removed Pin From Net: NetName=S3 Pin=C18-2
Removed Pin From Net: NetName=GND Pin=C19-1
Removed Pin From Net: NetName=B4 Pin=C19-2
Removed Pin From Net: NetName=GND Pin=C20-1
Removed Pin From Net: NetName=S4 Pin=C20-2
Removed Pin From Net: NetName=GND Pin=C21-1
Removed Pin From Net: NetName=B5 Pin=C21-2
Removed Pin From Net: NetName=GND Pin=C22-1
Removed Pin From Net: NetName=S5 Pin=C22-2
Removed Pin From Net: NetName=BRIGHT1 Pin=R15-1
Removed Pin From Net: NetName=VCC Pin=R15-2
Removed Pin From Net: NetName=B1 Pin=R16-1
Removed Pin From Net: NetName=BRIGHT1 Pin=R16-2
Removed Pin From Net: NetName=SPEED1 Pin=R17-1
Removed Pin From Net: NetName=VCC Pin=R17-2
Removed Pin From Net: NetName=S1 Pin=R18-1
Removed Pin From Net: NetName=SPEED1 Pin=R18-2
Removed Pin From Net: NetName=BRIGHT2 Pin=R19-1
Removed Pin From Net: NetName=VCC Pin=R19-2
Removed Pin From Net: NetName=B2 Pin=R20-1
Removed Pin From Net: NetName=BRIGHT2 Pin=R20-2
Removed Pin From Net: NetName=SPEED2 Pin=R21-1
Removed Pin From Net: NetName=VCC Pin=R21-2
Removed Pin From Net: NetName=S2 Pin=R22-1
Removed Pin From Net: NetName=SPEED2 Pin=R22-2
Removed Pin From Net: NetName=BRIGHT3 Pin=R23-1
Removed Pin From Net: NetName=VCC Pin=R23-2
Removed Pin From Net: NetName=BRIGHT3 Pin=R24-2
Removed Pin From Net: NetName=SPEED3 Pin=R25-1
Removed Pin From Net: NetName=VCC Pin=R25-2
Removed Pin From Net: NetName=S3 Pin=R26-1
Removed Pin From Net: NetName=SPEED3 Pin=R26-2
Removed Pin From Net: NetName=BRIGHT4 Pin=R27-1
Removed Pin From Net: NetName=VCC Pin=R27-2
Removed Pin From Net: NetName=B4 Pin=R28-1
Removed Pin From Net: NetName=BRIGHT4 Pin=R28-2
Removed Pin From Net: NetName=SPEED4 Pin=R29-1
Removed Pin From Net: NetName=VCC Pin=R29-2
Removed Pin From Net: NetName=S4 Pin=R30-1
Removed Pin From Net: NetName=SPEED4 Pin=R30-2
Removed Pin From Net: NetName=BRIGHT5 Pin=R31-1
Removed Pin From Net: NetName=VCC Pin=R31-2
Removed Pin From Net: NetName=B5 Pin=R32-1
Removed Pin From Net: NetName=BRIGHT5 Pin=R32-2
Removed Pin From Net: NetName=SPEED5 Pin=R33-1
Removed Pin From Net: NetName=VCC Pin=R33-2
Removed Pin From Net: NetName=S5 Pin=R34-1
Removed Pin From Net: NetName=SPEED5 Pin=R34-2
Removed Member From Class: ClassName=Controller Member=R9
Removed Member From Class: ClassName=Controller Member=R10
Removed Member From Class: ClassName=Controller Member=R11
Removed Member From Class: ClassName=Controller Member=R12
Removed Member From Class: ClassName=Controller Member=R13
Removed Member From Class: ClassName=Controller Member=R14
Removed Member From Class: ClassName=Controller Member=R15
Removed Member From Class: ClassName=Controller Member=R16
Removed Member From Class: ClassName=Controller Member=R17
Removed Member From Class: ClassName=Controller Member=R18
Removed Member From Class: ClassName=Controller Member=R19
Removed Member From Class: ClassName=Controller Member=R20
Removed Member From Class: ClassName=Controller Member=R21
Removed Member From Class: ClassName=Controller Member=R22
Removed Member From Class: ClassName=Controller Member=R23
Removed Member From Class: ClassName=Controller Member=R24
Removed Member From Class: ClassName=Controller Member=R25
Removed Member From Class: ClassName=Controller Member=R26
Removed Member From Class: ClassName=Controller Member=R27
Removed Member From Class: ClassName=Controller Member=R28
Removed Member From Class: ClassName=Controller Member=R29
Removed Member From Class: ClassName=Controller Member=R30
Removed Member From Class: ClassName=Controller Member=R31
Removed Member From Class: ClassName=Controller Member=R32
Removed Member From Class: ClassName=Controller Member=R33
Removed Member From Class: ClassName=Controller Member=R34
Change Component Comment : Designator=R6 Old Comment=4K99O New Comment=10KO
Change Component Comment : Designator=R8 Old Comment=4K99O New Comment=10KO
Change Component Designator: OldDesignator=C3 NewDesignator=C12
Change Component Designator: OldDesignator=C4 NewDesignator=C14
Change Component Designator: OldDesignator=C5 NewDesignator=C15
Change Component Designator: OldDesignator=C6 NewDesignator=C16
Change Component Designator: OldDesignator=C7 NewDesignator=C17
Change Component Designator: OldDesignator=C8 NewDesignator=C18
Change Component Designator: OldDesignator=C9 NewDesignator=C19
Change Component Designator: OldDesignator=C10 NewDesignator=C20
Change Component Designator: OldDesignator=C11 NewDesignator=C21
Change Component Designator: OldDesignator=C12 NewDesignator=C22
Change Component Designator: OldDesignator=R13 NewDesignator=R5
Change Component Designator: OldDesignator=R14 NewDesignator=R7
Change Component Designator: OldDesignator=U1 NewDesignator=U2
Change Component Designator: OldDesignator=U2 NewDesignator=U1
Change Component Designator: OldDesignator=U3 NewDesignator=U7
Change component parameters: Designator = "R6" ("R6"); Footprint = "0603_RES"; UniqueID = "\MRVGBCIN" ("\MRVGBCIN")
Change component parameters (AddParameter): Name = "LatestRevisionDate"; Value = "17-Jul-2002"; VariantName = "[No Variations]"
Change component parameters (AddParameter): Name = "LatestRevisionNote"; Value = "Re-released for DXP Platform."; VariantName = "[No Variations]"
Change component parameters (AddParameter): Name = "PackageDescription"; Value = "Axial Device, Thru-Hole; 2 Leads; 0.3 in Pin Spacing"; VariantName = "[No Variations]"
Change component parameters (AddParameter): Name = "PackageReference"; Value = "AXIAL-0.3"; VariantName = "[No Variations]"
Change component parameters (AddParameter): Name = "Published"; Value = "8-Jun-2000"; VariantName = "[No Variations]"
Change component parameters (AddParameter): Name = "Publisher"; Value = "Altium Limited"; VariantName = "[No Variations]"
Change component parameters (AddParameter): Name = "Supplier 1"; Value = "Digi-Key"; VariantName = "[No Variations]"
Change component parameters (AddParameter): Name = "Supplier Part Number 1"; Value = "311-10.0KHRCT-ND"; VariantName = "[No Variations]"
Change component parameters: Designator = "R8" ("R8"); Footprint = "0603_RES"; UniqueID = "\NXQVTDUM" ("\NXQVTDUM")
Change component parameters (AddParameter): Name = "LatestRevisionDate"; Value = "17-Jul-2002"; VariantName = "[No Variations]"
Change component parameters (AddParameter): Name = "LatestRevisionNote"; Value = "Re-released for DXP Platform."; VariantName = "[No Variations]"
Change component parameters (AddParameter): Name = "PackageDescription"; Value = "Axial Device, Thru-Hole; 2 Leads; 0.3 in Pin Spacing"; VariantName = "[No Variations]"
Change component parameters (AddParameter): Name = "PackageReference"; Value = "AXIAL-0.3"; VariantName = "[No Variations]"
Change component parameters (AddParameter): Name = "Published"; Value = "8-Jun-2000"; VariantName = "[No Variations]"
Change component parameters (AddParameter): Name = "Publisher"; Value = "Altium Limited"; VariantName = "[No Variations]"
Change component parameters (AddParameter): Name = "Supplier 1"; Value = "Digi-Key"; VariantName = "[No Variations]"
Change component parameters (AddParameter): Name = "Supplier Part Number 1"; Value = "311-10.0KHRCT-ND"; VariantName = "[No Variations]"
Added Component: Designator=C3(0603_CAP)
Add component (AddParameter): Name = "LatestRevisionDate"; Value = "17-Jul-2002"; VariantName = "[No Variations]"
Add component (AddParameter): Name = "LatestRevisionNote"; Value = "Re-released for DXP Platform."; VariantName = "[No Variations]"
Add component (AddParameter): Name = "PackageDescription"; Value = "Radial Cap, Thru-Hole; 2 Leads; 0.3 in Pin Spacing"; VariantName = "[No Variations]"
Add component (AddParameter): Name = "PackageReference"; Value = "RAD-0.3"; VariantName = "[No Variations]"
Add component (AddParameter): Name = "Published"; Value = "8-Jun-2000"; VariantName = "[No Variations]"
Add component (AddParameter): Name = "Publisher"; Value = "Altium Limited"; VariantName = "[No Variations]"
Add component (AddParameter): Name = "Supplier 1"; Value = "Digi-Key"; VariantName = "[No Variations]"
Add component (AddParameter): Name = "Supplier Part Number 1"; Value = "490-12330-1-ND"; VariantName = "[No Variations]"
Added Component: Designator=C4(0603_CAP)
Add component (AddParameter): Name = "LatestRevisionDate"; Value = "17-Jul-2002"; VariantName = "[No Variations]"
Add component (AddParameter): Name = "LatestRevisionNote"; Value = "Re-released for DXP Platform."; VariantName = "[No Variations]"
Add component (AddParameter): Name = "PackageDescription"; Value = "Radial Cap, Thru-Hole; 2 Leads; 0.3 in Pin Spacing"; VariantName = "[No Variations]"
Add component (AddParameter): Name = "PackageReference"; Value = "RAD-0.3"; VariantName = "[No Variations]"
Add component (AddParameter): Name = "Published"; Value = "8-Jun-2000"; VariantName = "[No Variations]"
Add component (AddParameter): Name = "Publisher"; Value = "Altium Limited"; VariantName = "[No Variations]"
Add component (AddParameter): Name = "Supplier 1"; Value = "Digi-Key"; VariantName = "[No Variations]"
Add component (AddParameter): Name = "Supplier Part Number 1"; Value = "490-12330-1-ND"; VariantName = "[No Variations]"
Added Component: Designator=C5(0603_CAP)
Add component (AddParameter): Name = "LatestRevisionDate"; Value = "17-Jul-2002"; VariantName = "[No Variations]"
Add component (AddParameter): Name = "LatestRevisionNote"; Value = "Re-released for DXP Platform."; VariantName = "[No Variations]"
Add component (AddParameter): Name = "PackageDescription"; Value = "Radial Cap, Thru-Hole; 2 Leads; 0.3 in Pin Spacing"; VariantName = "[No Variations]"
Add component (AddParameter): Name = "PackageReference"; Value = "RAD-0.3"; VariantName = "[No Variations]"
Add component (AddParameter): Name = "Published"; Value = "8-Jun-2000"; VariantName = "[No Variations]"
Add component (AddParameter): Name = "Publisher"; Value = "Altium Limited"; VariantName = "[No Variations]"
Add component (AddParameter): Name = "Supplier 1"; Value = "Digi-Key"; VariantName = "[No Variations]"
Add component (AddParameter): Name = "Supplier Part Number 1"; Value = "490-12330-1-ND"; VariantName = "[No Variations]"
Added Component: Designator=C6(0603_CAP)
Add component (AddParameter): Name = "LatestRevisionDate"; Value = "17-Jul-2002"; VariantName = "[No Variations]"
Add component (AddParameter): Name = "LatestRevisionNote"; Value = "Re-released for DXP Platform."; VariantName = "[No Variations]"
Add component (AddParameter): Name = "PackageDescription"; Value = "Radial Cap, Thru-Hole; 2 Leads; 0.3 in Pin Spacing"; VariantName = "[No Variations]"
Add component (AddParameter): Name = "PackageReference"; Value = "RAD-0.3"; VariantName = "[No Variations]"
Add component (AddParameter): Name = "Published"; Value = "8-Jun-2000"; VariantName = "[No Variations]"
Add component (AddParameter): Name = "Publisher"; Value = "Altium Limited"; VariantName = "[No Variations]"
Add component (AddParameter): Name = "Supplier 1"; Value = "Digi-Key"; VariantName = "[No Variations]"
Add component (AddParameter): Name = "Supplier Part Number 1"; Value = "490-12330-1-ND"; VariantName = "[No Variations]"
Added Component: Designator=C7(0603_CAP)
Add component (AddParameter): Name = "LatestRevisionDate"; Value = "17-Jul-2002"; VariantName = "[No Variations]"
Add component (AddParameter): Name = "LatestRevisionNote"; Value = "Re-released for DXP Platform."; VariantName = "[No Variations]"
Add component (AddParameter): Name = "PackageDescription"; Value = "Radial Cap, Thru-Hole; 2 Leads; 0.3 in Pin Spacing"; VariantName = "[No Variations]"
Add component (AddParameter): Name = "PackageReference"; Value = "RAD-0.3"; VariantName = "[No Variations]"
Add component (AddParameter): Name = "Published"; Value = "8-Jun-2000"; VariantName = "[No Variations]"
Add component (AddParameter): Name = "Publisher"; Value = "Altium Limited"; VariantName = "[No Variations]"
Add component (AddParameter): Name = "Supplier 1"; Value = "Digi-Key"; VariantName = "[No Variations]"
Add component (AddParameter): Name = "Supplier Part Number 1"; Value = "490-12330-1-ND"; VariantName = "[No Variations]"
Added Component: Designator=C8(0603_CAP)
Add component (AddParameter): Name = "LatestRevisionDate"; Value = "17-Jul-2002"; VariantName = "[No Variations]"
Add component (AddParameter): Name = "LatestRevisionNote"; Value = "Re-released for DXP Platform."; VariantName = "[No Variations]"
Add component (AddParameter): Name = "PackageDescription"; Value = "Radial Cap, Thru-Hole; 2 Leads; 0.3 in Pin Spacing"; VariantName = "[No Variations]"
Add component (AddParameter): Name = "PackageReference"; Value = "RAD-0.3"; VariantName = "[No Variations]"
Add component (AddParameter): Name = "Published"; Value = "8-Jun-2000"; VariantName = "[No Variations]"
Add component (AddParameter): Name = "Publisher"; Value = "Altium Limited"; VariantName = "[No Variations]"
Add component (AddParameter): Name = "Supplier 1"; Value = "Digi-Key"; VariantName = "[No Variations]"
Add component (AddParameter): Name = "Supplier Part Number 1"; Value = "490-12330-1-ND"; VariantName = "[No Variations]"
Added Component: Designator=C9(0603_CAP)
Add component (AddParameter): Name = "LatestRevisionDate"; Value = "17-Jul-2002"; VariantName = "[No Variations]"
Add component (AddParameter): Name = "LatestRevisionNote"; Value = "Re-released for DXP Platform."; VariantName = "[No Variations]"
Add component (AddParameter): Name = "PackageDescription"; Value = "Radial Cap, Thru-Hole; 2 Leads; 0.3 in Pin Spacing"; VariantName = "[No Variations]"
Add component (AddParameter): Name = "PackageReference"; Value = "RAD-0.3"; VariantName = "[No Variations]"
Add component (AddParameter): Name = "Published"; Value = "8-Jun-2000"; VariantName = "[No Variations]"
Add component (AddParameter): Name = "Publisher"; Value = "Altium Limited"; VariantName = "[No Variations]"
Add component (AddParameter): Name = "Supplier 1"; Value = "Digi-Key"; VariantName = "[No Variations]"
Add component (AddParameter): Name = "Supplier Part Number 1"; Value = "490-12330-1-ND"; VariantName = "[No Variations]"
Added Component: Designator=C10(0603_CAP)
Add component (AddParameter): Name = "LatestRevisionDate"; Value = "17-Jul-2002"; VariantName = "[No Variations]"
Add component (AddParameter): Name = "LatestRevisionNote"; Value = "Re-released for DXP Platform."; VariantName = "[No Variations]"
Add component (AddParameter): Name = "PackageDescription"; Value = "Radial Cap, Thru-Hole; 2 Leads; 0.3 in Pin Spacing"; VariantName = "[No Variations]"
Add component (AddParameter): Name = "PackageReference"; Value = "RAD-0.3"; VariantName = "[No Variations]"
Add component (AddParameter): Name = "Published"; Value = "8-Jun-2000"; VariantName = "[No Variations]"
Add component (AddParameter): Name = "Publisher"; Value = "Altium Limited"; VariantName = "[No Variations]"
Add component (AddParameter): Name = "Supplier 1"; Value = "Digi-Key"; VariantName = "[No Variations]"
Add component (AddParameter): Name = "Supplier Part Number 1"; Value = "490-12330-1-ND"; VariantName = "[No Variations]"
Added Component: Designator=C11(0603_CAP)
Add component (AddParameter): Name = "LatestRevisionDate"; Value = "17-Jul-2002"; VariantName = "[No Variations]"
Add component (AddParameter): Name = "LatestRevisionNote"; Value = "Re-released for DXP Platform."; VariantName = "[No Variations]"
Add component (AddParameter): Name = "PackageDescription"; Value = "Radial Cap, Thru-Hole; 2 Leads; 0.3 in Pin Spacing"; VariantName = "[No Variations]"
Add component (AddParameter): Name = "PackageReference"; Value = "RAD-0.3"; VariantName = "[No Variations]"
Add component (AddParameter): Name = "Published"; Value = "8-Jun-2000"; VariantName = "[No Variations]"
Add component (AddParameter): Name = "Publisher"; Value = "Altium Limited"; VariantName = "[No Variations]"
Add component (AddParameter): Name = "Supplier 1"; Value = "Digi-Key"; VariantName = "[No Variations]"
Add component (AddParameter): Name = "Supplier Part Number 1"; Value = "490-12330-1-ND"; VariantName = "[No Variations]"
Added Component: Designator=D1(0402-LED-G)
Add component (AddParameter): Name = "Supplier 1"; Value = "Digi-Key"; VariantName = "[No Variations]"
Add component (AddParameter): Name = "Supplier Part Number 1"; Value = "754-1101-1-ND"; VariantName = "[No Variations]"
Added Component: Designator=P4(PIN3)
Added Component: Designator=RN1(RES-ARRAY-16_EXB)
Add component (AddParameter): Name = "Availability"; Value = "Unavailable"; VariantName = "[No Variations]"
Add component (AddParameter): Name = "MF"; Value = "{'manufacturer': u'Panasonic'}"; VariantName = "[No Variations]"
Add component (AddParameter): Name = "MP"; Value = "EXB-Q16P682J"; VariantName = "[No Variations]"
Add component (AddParameter): Name = "Package"; Value = "None"; VariantName = "[No Variations]"
Add component (AddParameter): Name = "Price"; Value = "None"; VariantName = "[No Variations]"
Add component (AddParameter): Name = "Supplier 1"; Value = "Digi-Key"; VariantName = "[No Variations]"
Add component (AddParameter): Name = "Supplier Part Number 1"; Value = "U6682CT-ND"; VariantName = "[No Variations]"
Add component (AddParameter): Name = "Value"; Value = ""; VariantName = "[No Variations]"
Added Component: Designator=RN2(RES-ARRAY-16_EXB)
Add component (AddParameter): Name = "Availability"; Value = "Unavailable"; VariantName = "[No Variations]"
Add component (AddParameter): Name = "MF"; Value = "{'manufacturer': u'Panasonic'}"; VariantName = "[No Variations]"
Add component (AddParameter): Name = "MP"; Value = "EXB-Q16P682J"; VariantName = "[No Variations]"
Add component (AddParameter): Name = "Package"; Value = "None"; VariantName = "[No Variations]"
Add component (AddParameter): Name = "Price"; Value = "None"; VariantName = "[No Variations]"
Add component (AddParameter): Name = "Supplier 1"; Value = "Digi-Key"; VariantName = "[No Variations]"
Add component (AddParameter): Name = "Supplier Part Number 1"; Value = "Y1472CT-ND"; VariantName = "[No Variations]"
Add component (AddParameter): Name = "Value"; Value = ""; VariantName = "[No Variations]"
Added Component: Designator=RN3(RES-ARRAY-16_EXB)
Add component (AddParameter): Name = "Availability"; Value = "Unavailable"; VariantName = "[No Variations]"
Add component (AddParameter): Name = "MF"; Value = "{'manufacturer': u'Panasonic'}"; VariantName = "[No Variations]"
Add component (AddParameter): Name = "MP"; Value = "EXB-Q16P682J"; VariantName = "[No Variations]"
Add component (AddParameter): Name = "Package"; Value = "None"; VariantName = "[No Variations]"
Add component (AddParameter): Name = "Price"; Value = "None"; VariantName = "[No Variations]"
Add component (AddParameter): Name = "Supplier 1"; Value = "Digi-Key"; VariantName = "[No Variations]"
Add component (AddParameter): Name = "Supplier Part Number 1"; Value = "Y1472CT-ND"; VariantName = "[No Variations]"
Add component (AddParameter): Name = "Value"; Value = ""; VariantName = "[No Variations]"
Added Component: Designator=RN4(RES-ARRAY-16_EXB)
Add component (AddParameter): Name = "Availability"; Value = "Unavailable"; VariantName = "[No Variations]"
Add component (AddParameter): Name = "MF"; Value = "{'manufacturer': u'Panasonic'}"; VariantName = "[No Variations]"
Add component (AddParameter): Name = "MP"; Value = "EXB-Q16P682J"; VariantName = "[No Variations]"
Add component (AddParameter): Name = "Package"; Value = "None"; VariantName = "[No Variations]"
Add component (AddParameter): Name = "Price"; Value = "None"; VariantName = "[No Variations]"
Add component (AddParameter): Name = "Supplier 1"; Value = "Digi-Key"; VariantName = "[No Variations]"
Add component (AddParameter): Name = "Supplier Part Number 1"; Value = "Y1472CT-ND"; VariantName = "[No Variations]"
Add component (AddParameter): Name = "Value"; Value = ""; VariantName = "[No Variations]"
Added Component: Designator=U3(DHVQFN-14)
Add component (AddParameter): Name = "Supplier 1"; Value = "Digi-Key"; VariantName = "[No Variations]"
Add component (AddParameter): Name = "Supplier Part Number 1"; Value = "1727-6943-1-ND"; VariantName = "[No Variations]"
Added Component: Designator=U5(MICROPAK2)
Add component (AddParameter): Name = "Supplier 1"; Value = "Digi-Key"; VariantName = "[No Variations]"
Add component (AddParameter): Name = "Supplier Part Number 1"; Value = "NC7WZ14FHXCT-ND"; VariantName = "[No Variations]"
Added Component: Designator=U6(MICROPAK2)
Add component (AddParameter): Name = "Supplier 1"; Value = "Digi-Key"; VariantName = "[No Variations]"
Add component (AddParameter): Name = "Supplier Part Number 1"; Value = "NC7WZ14FHXCT-ND"; VariantName = "[No Variations]"
Added Pin To Net: NetName=GND Pin=C3-1
Added Pin To Net: NetName=B1 Pin=C3-2
Added Pin To Net: NetName=GND Pin=C4-1
Added Pin To Net: NetName=B2 Pin=C4-2
Added Pin To Net: NetName=GND Pin=C5-1
Added Pin To Net: NetName=GND Pin=C5-2
Added Pin To Net: NetName=GND Pin=C6-1
Added Pin To Net: NetName=B4 Pin=C6-2
Added Pin To Net: NetName=B5 Pin=C7-1
Added Pin To Net: NetName=GND Pin=C7-2
Added Pin To Net: NetName=GND Pin=C8-1
Added Pin To Net: NetName=S1 Pin=C8-2
Added Pin To Net: NetName=GND Pin=C9-1
Added Pin To Net: NetName=S2 Pin=C9-2
Added Pin To Net: NetName=GND Pin=C10-1
Added Pin To Net: NetName=S3 Pin=C10-2
Added Pin To Net: NetName=GND Pin=C11-1
Added Pin To Net: NetName=S4 Pin=C11-2
Added Pin To Net: NetName=S5 Pin=C13-1
Added Pin To Net: NetName=GND Pin=C13-2
Added Pin To Net: NetName=IO4 Pin=P4-1
Added Pin To Net: NetName=IO3 Pin=P4-2
Added Pin To Net: NetName=IO2 Pin=P4-3
Added Pin To Net: NetName=GND Pin=R6-1
Added Pin To Net: NetName=GND Pin=R8-2
Added Pin To Net: NetName=SPEED1 Pin=RN1-1
Added Pin To Net: NetName=SPEED2 Pin=RN1-2
Added Pin To Net: NetName=SPEED3 Pin=RN1-3
Added Pin To Net: NetName=SPEED4 Pin=RN1-4
Added Pin To Net: NetName=SPEED5 Pin=RN1-5
Added Pin To Net: NetName=BRIGHT5 Pin=RN1-11
Added Pin To Net: NetName=BRIGHT4 Pin=RN1-12
Added Pin To Net: NetName=BRIGHT3 Pin=RN1-13
Added Pin To Net: NetName=BRIGHT2 Pin=RN1-14
Added Pin To Net: NetName=BRIGHT1 Pin=RN1-15
Added Pin To Net: NetName=VCC Pin=RN1-16
Added Pin To Net: NetName=BRIGHT1 Pin=RN2-1
Added Pin To Net: NetName=BRIGHT2 Pin=RN2-2
Added Pin To Net: NetName=BRIGHT3 Pin=RN2-3
Added Pin To Net: NetName=BRIGHT4 Pin=RN2-4
Added Pin To Net: NetName=BRIGHT5 Pin=RN2-5
Added Pin To Net: NetName=B5 Pin=RN2-12
Added Pin To Net: NetName=B4 Pin=RN2-13
Added Pin To Net: NetName=GND Pin=RN2-14
Added Pin To Net: NetName=B2 Pin=RN2-15
Added Pin To Net: NetName=B1 Pin=RN2-16
Added Pin To Net: NetName=SPEED1 Pin=RN3-1
Added Pin To Net: NetName=SPEED2 Pin=RN3-2
Added Pin To Net: NetName=SPEED3 Pin=RN3-3
Added Pin To Net: NetName=SPEED4 Pin=RN3-4
Added Pin To Net: NetName=SPEED5 Pin=RN3-5
Added Pin To Net: NetName=S5 Pin=RN3-12
Added Pin To Net: NetName=S4 Pin=RN3-13
Added Pin To Net: NetName=S3 Pin=RN3-14
Added Pin To Net: NetName=S2 Pin=RN3-15
Added Pin To Net: NetName=S1 Pin=RN3-16
Added Pin To Net: NetName=GND Pin=U2-28
Added Pin To Net: NetName=B1 Pin=U3-1
Added Pin To Net: NetName=B2 Pin=U3-3
Added Pin To Net: NetName=GND Pin=U3-5
Added Pin To Net: NetName=GND Pin=U3-6
Added Pin To Net: NetName=GND Pin=U3-7
Added Pin To Net: NetName=B4 Pin=U3-9
Added Pin To Net: NetName=B5 Pin=U3-11
Added Pin To Net: NetName=S1 Pin=U3-13
Added Pin To Net: NetName=VCC Pin=U3-14
Added Pin To Net: NetName=S2 Pin=U5-1
Added Pin To Net: NetName=GND Pin=U5-2
Added Pin To Net: NetName=S3 Pin=U5-3
Added Pin To Net: NetName=VCC Pin=U5-5
Added Pin To Net: NetName=S4 Pin=U6-1
Added Pin To Net: NetName=GND Pin=U6-2
Added Pin To Net: NetName=S5 Pin=U6-3
Added Pin To Net: NetName=VCC Pin=U6-5
Change Net Name : Old Net Name=GND New Net Name=B3
Change Net Name : Old Net Name=NetC11_1 New Net Name=NetC21_1
Change Net Name : Old Net Name=NetC12_1 New Net Name=NetC22_1
Change Net Name : Old Net Name=NetR13_2 New Net Name=NetR5_2
Change Net Name : Old Net Name=NetR14_2 New Net Name=NetR7_2
Added Pin To Net: NetName=MTSA1 Pin=R6-2
Added Pin To Net: NetName=MTSA1 Pin=U4-14
Added Net: Name=MTSA1
Added Pin To Net: NetName=MTSA2 Pin=R8-1
Added Pin To Net: NetName=MTSA2 Pin=U7-5
Added Net: Name=MTSA2
Added Pin To Net: NetName=NetC12_1 Pin=C12-1
Added Pin To Net: NetName=NetC12_1 Pin=RN4-1
Added Net: Name=NetC12_1
Added Pin To Net: NetName=NetC14_1 Pin=C14-1
Added Pin To Net: NetName=NetC14_1 Pin=RN4-2
Added Net: Name=NetC14_1
Added Pin To Net: NetName=NetC15_1 Pin=C15-1
Added Pin To Net: NetName=NetC15_1 Pin=RN4-3
Added Net: Name=NetC15_1
Added Pin To Net: NetName=NetC16_1 Pin=C16-1
Added Pin To Net: NetName=NetC16_1 Pin=RN4-4
Added Net: Name=NetC16_1
Added Pin To Net: NetName=NetC17_1 Pin=C17-1
Added Pin To Net: NetName=NetC17_1 Pin=RN4-5
Added Net: Name=NetC17_1
Added Pin To Net: NetName=NetC18_1 Pin=C18-1
Added Pin To Net: NetName=NetC18_1 Pin=RN4-6
Added Net: Name=NetC18_1
Added Pin To Net: NetName=NetC19_1 Pin=C19-1
Added Pin To Net: NetName=NetC19_1 Pin=RN4-7
Added Net: Name=NetC19_1
Added Pin To Net: NetName=NetC20_1 Pin=C20-1
Added Pin To Net: NetName=NetC20_1 Pin=RN4-8
Added Net: Name=NetC20_1
Added Pin To Net: NetName=NetD1_1 Pin=D1-1
Added Pin To Net: NetName=NetD1_1 Pin=U1-1
Added Net: Name=NetD1_1
Added Pin To Net: NetName=NetD1_2 Pin=D1-2
Added Pin To Net: NetName=NetD1_2 Pin=R1-1
Added Net: Name=NetD1_2
Added Pin To Net: NetName=NetRN4_9 Pin=RN4-9
Added Pin To Net: NetName=NetRN4_9 Pin=U4-7
Added Net: Name=NetRN4_9
Added Pin To Net: NetName=NetRN4_10 Pin=RN4-10
Added Pin To Net: NetName=NetRN4_10 Pin=U4-6
Added Net: Name=NetRN4_10
Added Pin To Net: NetName=NetRN4_11 Pin=RN4-11
Added Pin To Net: NetName=NetRN4_11 Pin=U4-5
Added Net: Name=NetRN4_11
Added Pin To Net: NetName=NetRN4_12 Pin=RN4-12
Added Pin To Net: NetName=NetRN4_12 Pin=U4-4
Added Net: Name=NetRN4_12
Added Pin To Net: NetName=NetRN4_13 Pin=RN4-13
Added Pin To Net: NetName=NetRN4_13 Pin=U4-3
Added Net: Name=NetRN4_13
Added Pin To Net: NetName=NetRN4_14 Pin=RN4-14
Added Pin To Net: NetName=NetRN4_14 Pin=U4-2
Added Net: Name=NetRN4_14
Added Pin To Net: NetName=NetRN4_15 Pin=RN4-15
Added Pin To Net: NetName=NetRN4_15 Pin=U4-20
Added Net: Name=NetRN4_15
Added Pin To Net: NetName=NetRN4_16 Pin=RN4-16
Added Pin To Net: NetName=NetRN4_16 Pin=U4-19
Added Net: Name=NetRN4_16
Added Pin To Net: NetName=PB1 Pin=U2-11
Added Pin To Net: NetName=PB1 Pin=U6-6
Added Net: Name=PB1
Added Pin To Net: NetName=PB2 Pin=U2-12
Added Pin To Net: NetName=PB2 Pin=U6-4
Added Net: Name=PB2
Added Pin To Net: NetName=PD0 Pin=U2-26
Added Pin To Net: NetName=PD0 Pin=U3-2
Added Net: Name=PD0
Added Pin To Net: NetName=PD1 Pin=U2-27
Added Pin To Net: NetName=PD1 Pin=U3-4
Added Net: Name=PD1
Added Pin To Net: NetName=PD3 Pin=U2-1
Added Pin To Net: NetName=PD3 Pin=U3-8
Added Net: Name=PD3
Added Pin To Net: NetName=PD4 Pin=U2-2
Added Pin To Net: NetName=PD4 Pin=U3-10
Added Net: Name=PD4
Added Pin To Net: NetName=PD5 Pin=U2-7
Added Pin To Net: NetName=PD5 Pin=U3-12
Added Net: Name=PD5
Added Pin To Net: NetName=PD6 Pin=U2-8
Added Pin To Net: NetName=PD6 Pin=U5-6
Added Net: Name=PD6
Added Pin To Net: NetName=PD7 Pin=U2-9
Added Pin To Net: NetName=PD7 Pin=U5-4
Added Net: Name=PD7
Added Member To Class: ClassName=Controller Member=Component C2 10uF
Added Member To Class: ClassName=Controller Member=Component D1 APHHS1005CGCK
Added Member To Class: ClassName=Controller Member=Component J1 ZX62D-B-5P8
Added Member To Class: ClassName=Controller Member=Component P4 HEADER_1x3
Added Member To Class: ClassName=Controller Member=Component R4 100O
Added Member To Class: ClassName=Controller Member=Component RN1 EXB-Q16P682J
Added Member To Class: ClassName=Controller Member=Component RN2 EXB-2HV472JV
Added Member To Class: ClassName=Controller Member=Component RN3 EXB-2HV472JV
Added Member To Class: ClassName=Controller Member=Component RN4 EXB-2HV472JV
Added Member To Class: ClassName=Controller Member=Component U5 NC7WZ14FHX
Added Member To Class: ClassName=Controller Member=Component U6 NC7WZ14FHX
Added Member To Class: ClassName=Controller Member=Component U7 MTCH102-I/MS
Added Room: Name=Controller
